[ 2017-06-07T16:51:05+08:00 ] 106.120.122.2 /hyblog/
INFO: [ app_init ] --START--
INFO: Run Behavior\BuildLiteBehavior [ RunTime:0.000012s ]
INFO: [ app_init ] --END-- [ RunTime:0.000203s ]
INFO: [ app_begin ] --START--
INFO: Run Behavior\ReadHtmlCacheBehavior [ RunTime:0.000260s ]
INFO: [ app_begin ] --END-- [ RunTime:0.000305s ]
SQL: SHOW COLUMNS FROM `article` [ RunTime:0.0053s ]
SQL: SELECT `aid`,`title` FROM `article` WHERE `is_show` = 1 AND `is_delete` = 0 AND `is_top` = 1 ORDER BY aid desc  [ RunTime:0.0048s ]
SQL: SHOW COLUMNS FROM `comment` [ RunTime:0.0051s ]
SQL: SHOW COLUMNS FROM `oauth_user` [ RunTime:0.0051s ]
SQL: SELECT `id` FROM `oauth_user` WHERE (  is_admin )  [ RunTime:0.0047s ]
SQL: SELECT c.content,c.date,a.title,a.aid,ou.nickname,ou.head_img FROM comment c INNER JOIN article a ON c.aid=a.aid INNER JOIN oauth_user ou ON c.ouid=ou.id  WHERE c.is_delete = 0 ORDER BY c.date desc LIMIT 20   [ RunTime:0.0051s ]
NOTIC: [2] Invalid argument supplied for foreach() /var/www/html/hyblog/Application/Common/Model/CommentModel.class.php 第 202 行.
SQL: SHOW COLUMNS FROM `category` [ RunTime:0.0055s ]
SQL: SELECT * FROM `category` ORDER BY sort  [ RunTime:0.0048s ]
SQL: SHOW COLUMNS FROM `tag` [ RunTime:0.0050s ]
SQL: SELECT * FROM `tag`  [ RunTime:0.0049s ]
SQL: SHOW COLUMNS FROM `article_tag` [ RunTime:0.0050s ]
SQL: SELECT COUNT(*) AS tp_count FROM `article_tag` WHERE `tid` = 20 LIMIT 1   [ RunTime:0.0048s ]
SQL: SHOW COLUMNS FROM `link` [ RunTime:0.0050s ]
SQL: SELECT * FROM `link` WHERE `is_delete` = 0 AND `is_show` = 1 ORDER BY sort  [ RunTime:0.0049s ]
SQL: SHOW COLUMNS FROM `article` [ RunTime:0.0052s ]
SQL: SELECT COUNT(*) AS tp_count FROM `article` WHERE `is_delete` = 0 AND `is_show` = 1 LIMIT 1   [ RunTime:0.0049s ]
SQL: SELECT * FROM `article` WHERE `is_delete` = 0 AND `is_show` = 1 ORDER BY addtime desc LIMIT 0,10   [ RunTime:0.0049s ]
SQL: SHOW COLUMNS FROM `article_tag` [ RunTime:0.0050s ]
SQL: SHOW COLUMNS FROM `article_tag` [ RunTime:0.0049s ]
SQL: SELECT * FROM `article_tag` INNER JOIN tag ON article_tag.tid=tag.tid  WHERE `aid` = '17'  [ RunTime:0.0049s ]
SQL: SHOW COLUMNS FROM `article_pic` [ RunTime:0.0050s ]
SQL: SELECT `path` FROM `article_pic` WHERE `aid` = 17 ORDER BY ap_id asc LIMIT 1   [ RunTime:0.0053s ]
SQL: SELECT `cid`,`cid`,`cname` FROM `category` WHERE `cid` = 28  [ RunTime:0.0048s ]
INFO: [ view_parse ] --START--
INFO: [ template_filter ] --START--
INFO: Run Behavior\ContentReplaceBehavior [ RunTime:0.000104s ]
INFO: [ template_filter ] --END-- [ RunTime:0.000162s ]
NOTIC: [8] Use of undefined constant url - assumed 'url' /var/www/html/hyblog/Runtime/Cache/Home/08d30c77e78bd0ac29232fbc421b5dcd.php 第 6 行.
INFO: Run Behavior\ParseTemplateBehavior [ RunTime:0.013609s ]
INFO: [ view_parse ] --END-- [ RunTime:0.013655s ]
INFO: [ view_filter ] --START--
INFO: Run Behavior\WriteHtmlCacheBehavior [ RunTime:0.000085s ]
INFO: [ view_filter ] --END-- [ RunTime:0.000119s ]
INFO: [ app_end ] --START--
INFO: Run Behavior\ShowPageTraceBehavior [ RunTime:0.000335s ]
INFO: [ app_end ] --END-- [ RunTime:0.000377s ]

[ 2017-06-07T16:51:08+08:00 ] 106.120.122.2 /hyblog/index.php/Home/Index/category/cid/28
INFO: [ app_init ] --START--
INFO: Run Behavior\BuildLiteBehavior [ RunTime:0.000012s ]
INFO: [ app_init ] --END-- [ RunTime:0.000202s ]
INFO: [ app_begin ] --START--
INFO: Run Behavior\ReadHtmlCacheBehavior [ RunTime:0.000246s ]
INFO: [ app_begin ] --END-- [ RunTime:0.000291s ]
SQL: SHOW COLUMNS FROM `article` [ RunTime:0.0072s ]
SQL: SELECT `aid`,`title` FROM `article` WHERE `is_show` = 1 AND `is_delete` = 0 AND `is_top` = 1 ORDER BY aid desc  [ RunTime:0.0048s ]
SQL: SHOW COLUMNS FROM `comment` [ RunTime:0.0052s ]
SQL: SHOW COLUMNS FROM `oauth_user` [ RunTime:0.0051s ]
SQL: SELECT `id` FROM `oauth_user` WHERE (  is_admin )  [ RunTime:0.0048s ]
SQL: SELECT c.content,c.date,a.title,a.aid,ou.nickname,ou.head_img FROM comment c INNER JOIN article a ON c.aid=a.aid INNER JOIN oauth_user ou ON c.ouid=ou.id  WHERE c.is_delete = 0 ORDER BY c.date desc LIMIT 20   [ RunTime:0.0050s ]
NOTIC: [2] Invalid argument supplied for foreach() /var/www/html/hyblog/Application/Common/Model/CommentModel.class.php 第 202 行.
SQL: SHOW COLUMNS FROM `category` [ RunTime:0.0074s ]
SQL: SELECT * FROM `category` ORDER BY sort  [ RunTime:0.0048s ]
SQL: SHOW COLUMNS FROM `tag` [ RunTime:0.0050s ]
SQL: SELECT * FROM `tag`  [ RunTime:0.0047s ]
SQL: SHOW COLUMNS FROM `article_tag` [ RunTime:0.0069s ]
SQL: SELECT COUNT(*) AS tp_count FROM `article_tag` WHERE `tid` = 20 LIMIT 1   [ RunTime:0.0047s ]
SQL: SHOW COLUMNS FROM `link` [ RunTime:0.0050s ]
SQL: SELECT * FROM `link` WHERE `is_delete` = 0 AND `is_show` = 1 ORDER BY sort  [ RunTime:0.0048s ]
SQL: SELECT * FROM `category` WHERE `cid` = 28 LIMIT 1   [ RunTime:0.0047s ]
SQL: SHOW COLUMNS FROM `article` [ RunTime:0.0051s ]
SQL: SELECT COUNT(*) AS tp_count FROM `article` WHERE `cid` = 28 AND `is_delete` = 0 AND `is_show` = 1 LIMIT 1   [ RunTime:0.0048s ]
SQL: SELECT * FROM `article` WHERE `cid` = 28 AND `is_delete` = 0 AND `is_show` = 1 ORDER BY addtime desc LIMIT 0,10   [ RunTime:0.0048s ]
SQL: SHOW COLUMNS FROM `article_tag` [ RunTime:0.0050s ]
SQL: SHOW COLUMNS FROM `article_tag` [ RunTime:0.0049s ]
SQL: SELECT * FROM `article_tag` INNER JOIN tag ON article_tag.tid=tag.tid  WHERE `aid` = '17'  [ RunTime:0.0048s ]
SQL: SHOW COLUMNS FROM `article_pic` [ RunTime:0.0050s ]
SQL: SELECT `path` FROM `article_pic` WHERE `aid` = 17 ORDER BY ap_id asc LIMIT 1   [ RunTime:0.0047s ]
SQL: SELECT `cid`,`cid`,`cname` FROM `category` WHERE `cid` = 28  [ RunTime:0.0047s ]
INFO: [ view_parse ] --START--
INFO: [ template_filter ] --START--
INFO: Run Behavior\ContentReplaceBehavior [ RunTime:0.000096s ]
INFO: [ template_filter ] --END-- [ RunTime:0.000158s ]
INFO: Run Behavior\ParseTemplateBehavior [ RunTime:0.019633s ]
INFO: [ view_parse ] --END-- [ RunTime:0.019684s ]
INFO: [ view_filter ] --START--
INFO: Run Behavior\WriteHtmlCacheBehavior [ RunTime:0.000082s ]
INFO: [ view_filter ] --END-- [ RunTime:0.000116s ]
INFO: [ app_end ] --START--
INFO: Run Behavior\ShowPageTraceBehavior [ RunTime:0.000277s ]
INFO: [ app_end ] --END-- [ RunTime:0.000319s ]

[ 2017-06-07T16:51:10+08:00 ] 106.120.122.2 /hyblog/index.php/Home/Index/chat
INFO: [ app_init ] --START--
INFO: Run Behavior\BuildLiteBehavior [ RunTime:0.000012s ]
INFO: [ app_init ] --END-- [ RunTime:0.000200s ]
INFO: [ app_begin ] --START--
INFO: Run Behavior\ReadHtmlCacheBehavior [ RunTime:0.000263s ]
INFO: [ app_begin ] --END-- [ RunTime:0.000310s ]
SQL: SHOW COLUMNS FROM `article` [ RunTime:0.0053s ]
SQL: SELECT `aid`,`title` FROM `article` WHERE `is_show` = 1 AND `is_delete` = 0 AND `is_top` = 1 ORDER BY aid desc  [ RunTime:0.0049s ]
SQL: SHOW COLUMNS FROM `comment` [ RunTime:0.0050s ]
SQL: SHOW COLUMNS FROM `oauth_user` [ RunTime:0.0052s ]
SQL: SELECT `id` FROM `oauth_user` WHERE (  is_admin )  [ RunTime:0.0047s ]
SQL: SELECT c.content,c.date,a.title,a.aid,ou.nickname,ou.head_img FROM comment c INNER JOIN article a ON c.aid=a.aid INNER JOIN oauth_user ou ON c.ouid=ou.id  WHERE c.is_delete = 0 ORDER BY c.date desc LIMIT 20   [ RunTime:0.0049s ]
NOTIC: [2] Invalid argument supplied for foreach() /var/www/html/hyblog/Application/Common/Model/CommentModel.class.php 第 202 行.
SQL: SHOW COLUMNS FROM `category` [ RunTime:0.0050s ]
SQL: SELECT * FROM `category` ORDER BY sort  [ RunTime:0.0047s ]
SQL: SHOW COLUMNS FROM `tag` [ RunTime:0.0049s ]
SQL: SELECT * FROM `tag`  [ RunTime:0.0047s ]
SQL: SHOW COLUMNS FROM `article_tag` [ RunTime:0.0049s ]
SQL: SELECT COUNT(*) AS tp_count FROM `article_tag` WHERE `tid` = 20 LIMIT 1   [ RunTime:0.0047s ]
SQL: SHOW COLUMNS FROM `link` [ RunTime:0.0050s ]
SQL: SELECT * FROM `link` WHERE `is_delete` = 0 AND `is_show` = 1 ORDER BY sort  [ RunTime:0.0049s ]
SQL: SHOW COLUMNS FROM `chat` [ RunTime:0.0049s ]
SQL: SELECT * FROM `chat` WHERE ( is_delete=0 and is_show=1 ) ORDER BY date desc  [ RunTime:0.0047s ]
INFO: [ view_parse ] --START--
INFO: [ template_filter ] --START--
INFO: Run Behavior\ContentReplaceBehavior [ RunTime:0.000098s ]
INFO: [ template_filter ] --END-- [ RunTime:0.000146s ]
INFO: Run Behavior\ParseTemplateBehavior [ RunTime:0.012191s ]
INFO: [ view_parse ] --END-- [ RunTime:0.012239s ]
INFO: [ view_filter ] --START--
INFO: Run Behavior\WriteHtmlCacheBehavior [ RunTime:0.000078s ]
INFO: [ view_filter ] --END-- [ RunTime:0.000112s ]
INFO: [ app_end ] --START--
INFO: Run Behavior\ShowPageTraceBehavior [ RunTime:0.000260s ]
INFO: [ app_end ] --END-- [ RunTime:0.000302s ]

[ 2017-06-07T16:51:11+08:00 ] 106.120.122.2 /hyblog/index.php/Home/Index/git
INFO: [ app_init ] --START--
INFO: Run Behavior\BuildLiteBehavior [ RunTime:0.000011s ]
INFO: [ app_init ] --END-- [ RunTime:0.000213s ]
INFO: [ app_begin ] --START--
INFO: Run Behavior\ReadHtmlCacheBehavior [ RunTime:0.000260s ]
INFO: [ app_begin ] --END-- [ RunTime:0.000305s ]
SQL: SHOW COLUMNS FROM `article` [ RunTime:0.0053s ]
SQL: SELECT `aid`,`title` FROM `article` WHERE `is_show` = 1 AND `is_delete` = 0 AND `is_top` = 1 ORDER BY aid desc  [ RunTime:0.0048s ]
SQL: SHOW COLUMNS FROM `comment` [ RunTime:0.0051s ]
SQL: SHOW COLUMNS FROM `oauth_user` [ RunTime:0.0051s ]
SQL: SELECT `id` FROM `oauth_user` WHERE (  is_admin )  [ RunTime:0.0049s ]
SQL: SELECT c.content,c.date,a.title,a.aid,ou.nickname,ou.head_img FROM comment c INNER JOIN article a ON c.aid=a.aid INNER JOIN oauth_user ou ON c.ouid=ou.id  WHERE c.is_delete = 0 ORDER BY c.date desc LIMIT 20   [ RunTime:0.0049s ]
NOTIC: [2] Invalid argument supplied for foreach() /var/www/html/hyblog/Application/Common/Model/CommentModel.class.php 第 202 行.
SQL: SHOW COLUMNS FROM `category` [ RunTime:0.0050s ]
SQL: SELECT * FROM `category` ORDER BY sort  [ RunTime:0.0047s ]
SQL: SHOW COLUMNS FROM `tag` [ RunTime:0.0050s ]
SQL: SELECT * FROM `tag`  [ RunTime:0.0047s ]
SQL: SHOW COLUMNS FROM `article_tag` [ RunTime:0.0050s ]
SQL: SELECT COUNT(*) AS tp_count FROM `article_tag` WHERE `tid` = 20 LIMIT 1   [ RunTime:0.0047s ]
SQL: SHOW COLUMNS FROM `link` [ RunTime:0.0049s ]
SQL: SELECT * FROM `link` WHERE `is_delete` = 0 AND `is_show` = 1 ORDER BY sort  [ RunTime:0.0047s ]
INFO: [ view_parse ] --START--
INFO: [ template_filter ] --START--
INFO: Run Behavior\ContentReplaceBehavior [ RunTime:0.000098s ]
INFO: [ template_filter ] --END-- [ RunTime:0.000143s ]
INFO: Run Behavior\ParseTemplateBehavior [ RunTime:0.010925s ]
INFO: [ view_parse ] --END-- [ RunTime:0.010972s ]
INFO: [ view_filter ] --START--
INFO: Run Behavior\WriteHtmlCacheBehavior [ RunTime:0.000078s ]
INFO: [ view_filter ] --END-- [ RunTime:0.000112s ]
INFO: [ app_end ] --START--
INFO: Run Behavior\ShowPageTraceBehavior [ RunTime:0.000259s ]
INFO: [ app_end ] --END-- [ RunTime:0.000299s ]

[ 2017-06-07T16:51:31+08:00 ] 106.120.122.2 /hyblog/index.php/Home/Index/chat
INFO: [ app_init ] --START--
INFO: Run Behavior\BuildLiteBehavior [ RunTime:0.000012s ]
INFO: [ app_init ] --END-- [ RunTime:0.000230s ]
INFO: [ app_begin ] --START--
INFO: Run Behavior\ReadHtmlCacheBehavior [ RunTime:0.000266s ]
INFO: [ app_begin ] --END-- [ RunTime:0.000312s ]
SQL: SHOW COLUMNS FROM `article` [ RunTime:0.0059s ]
SQL: SELECT `aid`,`title` FROM `article` WHERE `is_show` = 1 AND `is_delete` = 0 AND `is_top` = 1 ORDER BY aid desc  [ RunTime:0.0046s ]
SQL: SHOW COLUMNS FROM `comment` [ RunTime:0.0049s ]
SQL: SHOW COLUMNS FROM `oauth_user` [ RunTime:0.0049s ]
SQL: SELECT `id` FROM `oauth_user` WHERE (  is_admin )  [ RunTime:0.0045s ]
SQL: SELECT c.content,c.date,a.title,a.aid,ou.nickname,ou.head_img FROM comment c INNER JOIN article a ON c.aid=a.aid INNER JOIN oauth_user ou ON c.ouid=ou.id  WHERE c.is_delete = 0 ORDER BY c.date desc LIMIT 20   [ RunTime:0.0048s ]
NOTIC: [2] Invalid argument supplied for foreach() /var/www/html/hyblog/Application/Common/Model/CommentModel.class.php 第 202 行.
SQL: SHOW COLUMNS FROM `category` [ RunTime:0.0048s ]
SQL: SELECT * FROM `category` ORDER BY sort  [ RunTime:0.0045s ]
SQL: SHOW COLUMNS FROM `tag` [ RunTime:0.0047s ]
SQL: SELECT * FROM `tag`  [ RunTime:0.0045s ]
SQL: SHOW COLUMNS FROM `article_tag` [ RunTime:0.0048s ]
SQL: SELECT COUNT(*) AS tp_count FROM `article_tag` WHERE `tid` = 20 LIMIT 1   [ RunTime:0.0045s ]
SQL: SHOW COLUMNS FROM `link` [ RunTime:0.0048s ]
SQL: SELECT * FROM `link` WHERE `is_delete` = 0 AND `is_show` = 1 ORDER BY sort  [ RunTime:0.0045s ]
SQL: SHOW COLUMNS FROM `chat` [ RunTime:0.0048s ]
SQL: SELECT * FROM `chat` WHERE ( is_delete=0 and is_show=1 ) ORDER BY date desc  [ RunTime:0.0046s ]
INFO: [ view_parse ] --START--
INFO: [ template_filter ] --START--
INFO: Run Behavior\ContentReplaceBehavior [ RunTime:0.000095s ]
INFO: [ template_filter ] --END-- [ RunTime:0.000144s ]
INFO: Run Behavior\ParseTemplateBehavior [ RunTime:0.013698s ]
INFO: [ view_parse ] --END-- [ RunTime:0.013749s ]
INFO: [ view_filter ] --START--
INFO: Run Behavior\WriteHtmlCacheBehavior [ RunTime:0.000085s ]
INFO: [ view_filter ] --END-- [ RunTime:0.000121s ]
INFO: [ app_end ] --START--
INFO: Run Behavior\ShowPageTraceBehavior [ RunTime:0.000292s ]
INFO: [ app_end ] --END-- [ RunTime:0.000333s ]

[ 2017-06-07T16:51:33+08:00 ] 106.120.122.2 /hyblog/index.php/Home/Index/category/cid/28
INFO: [ app_init ] --START--
INFO: Run Behavior\BuildLiteBehavior [ RunTime:0.000011s ]
INFO: [ app_init ] --END-- [ RunTime:0.000219s ]
INFO: [ app_begin ] --START--
INFO: Run Behavior\ReadHtmlCacheBehavior [ RunTime:0.000270s ]
INFO: [ app_begin ] --END-- [ RunTime:0.000315s ]
SQL: SHOW COLUMNS FROM `article` [ RunTime:0.0054s ]
SQL: SELECT `aid`,`title` FROM `article` WHERE `is_show` = 1 AND `is_delete` = 0 AND `is_top` = 1 ORDER BY aid desc  [ RunTime:0.0049s ]
SQL: SHOW COLUMNS FROM `comment` [ RunTime:0.0052s ]
SQL: SHOW COLUMNS FROM `oauth_user` [ RunTime:0.0052s ]
SQL: SELECT `id` FROM `oauth_user` WHERE (  is_admin )  [ RunTime:0.0048s ]
SQL: SELECT c.content,c.date,a.title,a.aid,ou.nickname,ou.head_img FROM comment c INNER JOIN article a ON c.aid=a.aid INNER JOIN oauth_user ou ON c.ouid=ou.id  WHERE c.is_delete = 0 ORDER BY c.date desc LIMIT 20   [ RunTime:0.0050s ]
NOTIC: [2] Invalid argument supplied for foreach() /var/www/html/hyblog/Application/Common/Model/CommentModel.class.php 第 202 行.
SQL: SHOW COLUMNS FROM `category` [ RunTime:0.0051s ]
SQL: SELECT * FROM `category` ORDER BY sort  [ RunTime:0.0049s ]
SQL: SHOW COLUMNS FROM `tag` [ RunTime:0.0053s ]
SQL: SELECT * FROM `tag`  [ RunTime:0.0048s ]
SQL: SHOW COLUMNS FROM `article_tag` [ RunTime:0.0051s ]
SQL: SELECT COUNT(*) AS tp_count FROM `article_tag` WHERE `tid` = 20 LIMIT 1   [ RunTime:0.0049s ]
SQL: SHOW COLUMNS FROM `link` [ RunTime:0.0051s ]
SQL: SELECT * FROM `link` WHERE `is_delete` = 0 AND `is_show` = 1 ORDER BY sort  [ RunTime:0.0049s ]
SQL: SELECT * FROM `category` WHERE `cid` = 28 LIMIT 1   [ RunTime:0.0048s ]
SQL: SHOW COLUMNS FROM `article` [ RunTime:0.0052s ]
SQL: SELECT COUNT(*) AS tp_count FROM `article` WHERE `cid` = 28 AND `is_delete` = 0 AND `is_show` = 1 LIMIT 1   [ RunTime:0.0048s ]
SQL: SELECT * FROM `article` WHERE `cid` = 28 AND `is_delete` = 0 AND `is_show` = 1 ORDER BY addtime desc LIMIT 0,10   [ RunTime:0.0050s ]
SQL: SHOW COLUMNS FROM `article_tag` [ RunTime:0.0051s ]
SQL: SHOW COLUMNS FROM `article_tag` [ RunTime:0.0051s ]
SQL: SELECT * FROM `article_tag` INNER JOIN tag ON article_tag.tid=tag.tid  WHERE `aid` = '17'  [ RunTime:0.0048s ]
SQL: SHOW COLUMNS FROM `article_pic` [ RunTime:0.0051s ]
SQL: SELECT `path` FROM `article_pic` WHERE `aid` = 17 ORDER BY ap_id asc LIMIT 1   [ RunTime:0.0049s ]
SQL: SELECT `cid`,`cid`,`cname` FROM `category` WHERE `cid` = 28  [ RunTime:0.0049s ]
INFO: [ view_parse ] --START--
INFO: [ template_filter ] --START--
INFO: Run Behavior\ContentReplaceBehavior [ RunTime:0.000096s ]
INFO: [ template_filter ] --END-- [ RunTime:0.000149s ]
INFO: Run Behavior\ParseTemplateBehavior [ RunTime:0.013753s ]
INFO: [ view_parse ] --END-- [ RunTime:0.013804s ]
INFO: [ view_filter ] --START--
INFO: Run Behavior\WriteHtmlCacheBehavior [ RunTime:0.000082s ]
INFO: [ view_filter ] --END-- [ RunTime:0.000117s ]
INFO: [ app_end ] --START--
INFO: Run Behavior\ShowPageTraceBehavior [ RunTime:0.000255s ]
INFO: [ app_end ] --END-- [ RunTime:0.000296s ]

[ 2017-06-07T16:51:40+08:00 ] 106.120.122.2 /hyblog/index.php/Home/Index/git
INFO: [ app_init ] --START--
INFO: Run Behavior\BuildLiteBehavior [ RunTime:0.000012s ]
INFO: [ app_init ] --END-- [ RunTime:0.000197s ]
INFO: [ app_begin ] --START--
INFO: Run Behavior\ReadHtmlCacheBehavior [ RunTime:0.000244s ]
INFO: [ app_begin ] --END-- [ RunTime:0.000288s ]
SQL: SHOW COLUMNS FROM `article` [ RunTime:0.0045s ]
SQL: SELECT `aid`,`title` FROM `article` WHERE `is_show` = 1 AND `is_delete` = 0 AND `is_top` = 1 ORDER BY aid desc  [ RunTime:0.0040s ]
SQL: SHOW COLUMNS FROM `comment` [ RunTime:0.0043s ]
SQL: SHOW COLUMNS FROM `oauth_user` [ RunTime:0.0043s ]
SQL: SELECT `id` FROM `oauth_user` WHERE (  is_admin )  [ RunTime:0.0039s ]
SQL: SELECT c.content,c.date,a.title,a.aid,ou.nickname,ou.head_img FROM comment c INNER JOIN article a ON c.aid=a.aid INNER JOIN oauth_user ou ON c.ouid=ou.id  WHERE c.is_delete = 0 ORDER BY c.date desc LIMIT 20   [ RunTime:0.0042s ]
NOTIC: [2] Invalid argument supplied for foreach() /var/www/html/hyblog/Application/Common/Model/CommentModel.class.php 第 202 行.
SQL: SHOW COLUMNS FROM `category` [ RunTime:0.0042s ]
SQL: SELECT * FROM `category` ORDER BY sort  [ RunTime:0.0040s ]
SQL: SHOW COLUMNS FROM `tag` [ RunTime:0.0042s ]
SQL: SELECT * FROM `tag`  [ RunTime:0.0040s ]
SQL: SHOW COLUMNS FROM `article_tag` [ RunTime:0.0042s ]
SQL: SELECT COUNT(*) AS tp_count FROM `article_tag` WHERE `tid` = 20 LIMIT 1   [ RunTime:0.0040s ]
SQL: SHOW COLUMNS FROM `link` [ RunTime:0.0042s ]
SQL: SELECT * FROM `link` WHERE `is_delete` = 0 AND `is_show` = 1 ORDER BY sort  [ RunTime:0.0040s ]
INFO: [ view_parse ] --START--
INFO: [ template_filter ] --START--
INFO: Run Behavior\ContentReplaceBehavior [ RunTime:0.000099s ]
INFO: [ template_filter ] --END-- [ RunTime:0.000146s ]
INFO: Run Behavior\ParseTemplateBehavior [ RunTime:0.010501s ]
INFO: [ view_parse ] --END-- [ RunTime:0.010548s ]
INFO: [ view_filter ] --START--
INFO: Run Behavior\WriteHtmlCacheBehavior [ RunTime:0.000077s ]
INFO: [ view_filter ] --END-- [ RunTime:0.000124s ]
INFO: [ app_end ] --START--
INFO: Run Behavior\ShowPageTraceBehavior [ RunTime:0.000252s ]
INFO: [ app_end ] --END-- [ RunTime:0.000291s ]

[ 2017-06-07T16:51:41+08:00 ] 106.120.122.2 /hyblog/index.php/Home/Index/chat
INFO: [ app_init ] --START--
INFO: Run Behavior\BuildLiteBehavior [ RunTime:0.000016s ]
INFO: [ app_init ] --END-- [ RunTime:0.000314s ]
INFO: [ app_begin ] --START--
INFO: Run Behavior\ReadHtmlCacheBehavior [ RunTime:0.000412s ]
INFO: [ app_begin ] --END-- [ RunTime:0.000479s ]
SQL: SHOW COLUMNS FROM `article` [ RunTime:0.0053s ]
SQL: SELECT `aid`,`title` FROM `article` WHERE `is_show` = 1 AND `is_delete` = 0 AND `is_top` = 1 ORDER BY aid desc  [ RunTime:0.0048s ]
SQL: SHOW COLUMNS FROM `comment` [ RunTime:0.0063s ]
SQL: SHOW COLUMNS FROM `oauth_user` [ RunTime:0.0050s ]
SQL: SELECT `id` FROM `oauth_user` WHERE (  is_admin )  [ RunTime:0.0048s ]
SQL: SELECT c.content,c.date,a.title,a.aid,ou.nickname,ou.head_img FROM comment c INNER JOIN article a ON c.aid=a.aid INNER JOIN oauth_user ou ON c.ouid=ou.id  WHERE c.is_delete = 0 ORDER BY c.date desc LIMIT 20   [ RunTime:0.0049s ]
NOTIC: [2] Invalid argument supplied for foreach() /var/www/html/hyblog/Application/Common/Model/CommentModel.class.php 第 202 行.
SQL: SHOW COLUMNS FROM `category` [ RunTime:0.0049s ]
SQL: SELECT * FROM `category` ORDER BY sort  [ RunTime:0.0048s ]
SQL: SHOW COLUMNS FROM `tag` [ RunTime:0.0051s ]
SQL: SELECT * FROM `tag`  [ RunTime:0.0048s ]
SQL: SHOW COLUMNS FROM `article_tag` [ RunTime:0.0051s ]
SQL: SELECT COUNT(*) AS tp_count FROM `article_tag` WHERE `tid` = 20 LIMIT 1   [ RunTime:0.0048s ]
SQL: SHOW COLUMNS FROM `link` [ RunTime:0.0053s ]
SQL: SELECT * FROM `link` WHERE `is_delete` = 0 AND `is_show` = 1 ORDER BY sort  [ RunTime:0.0048s ]
SQL: SHOW COLUMNS FROM `chat` [ RunTime:0.0051s ]
SQL: SELECT * FROM `chat` WHERE ( is_delete=0 and is_show=1 ) ORDER BY date desc  [ RunTime:0.0049s ]
INFO: [ view_parse ] --START--
INFO: [ template_filter ] --START--
INFO: Run Behavior\ContentReplaceBehavior [ RunTime:0.000147s ]
INFO: [ template_filter ] --END-- [ RunTime:0.000215s ]
INFO: Run Behavior\ParseTemplateBehavior [ RunTime:0.020937s ]
INFO: [ view_parse ] --END-- [ RunTime:0.021006s ]
INFO: [ view_filter ] --START--
INFO: Run Behavior\WriteHtmlCacheBehavior [ RunTime:0.000113s ]
INFO: [ view_filter ] --END-- [ RunTime:0.000169s ]
INFO: [ app_end ] --START--
INFO: Run Behavior\ShowPageTraceBehavior [ RunTime:0.000420s ]
INFO: [ app_end ] --END-- [ RunTime:0.000486s ]

[ 2017-06-07T16:51:42+08:00 ] 106.120.122.2 /hyblog/index.php/Home/Index/category/cid/28
INFO: [ app_init ] --START--
INFO: Run Behavior\BuildLiteBehavior [ RunTime:0.000011s ]
INFO: [ app_init ] --END-- [ RunTime:0.000218s ]
INFO: [ app_begin ] --START--
INFO: Run Behavior\ReadHtmlCacheBehavior [ RunTime:0.000241s ]
INFO: [ app_begin ] --END-- [ RunTime:0.000283s ]
SQL: SHOW COLUMNS FROM `article` [ RunTime:0.0055s ]
SQL: SELECT `aid`,`title` FROM `article` WHERE `is_show` = 1 AND `is_delete` = 0 AND `is_top` = 1 ORDER BY aid desc  [ RunTime:0.0049s ]
SQL: SHOW COLUMNS FROM `comment` [ RunTime:0.0052s ]
SQL: SHOW COLUMNS FROM `oauth_user` [ RunTime:0.0051s ]
SQL: SELECT `id` FROM `oauth_user` WHERE (  is_admin )  [ RunTime:0.0049s ]
SQL: SELECT c.content,c.date,a.title,a.aid,ou.nickname,ou.head_img FROM comment c INNER JOIN article a ON c.aid=a.aid INNER JOIN oauth_user ou ON c.ouid=ou.id  WHERE c.is_delete = 0 ORDER BY c.date desc LIMIT 20   [ RunTime:0.0051s ]
NOTIC: [2] Invalid argument supplied for foreach() /var/www/html/hyblog/Application/Common/Model/CommentModel.class.php 第 202 行.
SQL: SHOW COLUMNS FROM `category` [ RunTime:0.0051s ]
SQL: SELECT * FROM `category` ORDER BY sort  [ RunTime:0.0048s ]
SQL: SHOW COLUMNS FROM `tag` [ RunTime:0.0051s ]
SQL: SELECT * FROM `tag`  [ RunTime:0.0049s ]
SQL: SHOW COLUMNS FROM `article_tag` [ RunTime:0.0052s ]
SQL: SELECT COUNT(*) AS tp_count FROM `article_tag` WHERE `tid` = 20 LIMIT 1   [ RunTime:0.0048s ]
SQL: SHOW COLUMNS FROM `link` [ RunTime:0.0051s ]
SQL: SELECT * FROM `link` WHERE `is_delete` = 0 AND `is_show` = 1 ORDER BY sort  [ RunTime:0.0050s ]
SQL: SELECT * FROM `category` WHERE `cid` = 28 LIMIT 1   [ RunTime:0.0048s ]
SQL: SHOW COLUMNS FROM `article` [ RunTime:0.0052s ]
SQL: SELECT COUNT(*) AS tp_count FROM `article` WHERE `cid` = 28 AND `is_delete` = 0 AND `is_show` = 1 LIMIT 1   [ RunTime:0.0048s ]
SQL: SELECT * FROM `article` WHERE `cid` = 28 AND `is_delete` = 0 AND `is_show` = 1 ORDER BY addtime desc LIMIT 0,10   [ RunTime:0.0049s ]
SQL: SHOW COLUMNS FROM `article_tag` [ RunTime:0.0050s ]
SQL: SHOW COLUMNS FROM `article_tag` [ RunTime:0.0050s ]
SQL: SELECT * FROM `article_tag` INNER JOIN tag ON article_tag.tid=tag.tid  WHERE `aid` = '17'  [ RunTime:0.0048s ]
SQL: SHOW COLUMNS FROM `article_pic` [ RunTime:0.0051s ]
SQL: SELECT `path` FROM `article_pic` WHERE `aid` = 17 ORDER BY ap_id asc LIMIT 1   [ RunTime:0.0048s ]
SQL: SELECT `cid`,`cid`,`cname` FROM `category` WHERE `cid` = 28  [ RunTime:0.0048s ]
INFO: [ view_parse ] --START--
INFO: [ template_filter ] --START--
INFO: Run Behavior\ContentReplaceBehavior [ RunTime:0.000098s ]
INFO: [ template_filter ] --END-- [ RunTime:0.000152s ]
INFO: Run Behavior\ParseTemplateBehavior [ RunTime:0.013844s ]
INFO: [ view_parse ] --END-- [ RunTime:0.013893s ]
INFO: [ view_filter ] --START--
INFO: Run Behavior\WriteHtmlCacheBehavior [ RunTime:0.000081s ]
INFO: [ view_filter ] --END-- [ RunTime:0.000116s ]
INFO: [ app_end ] --START--
INFO: Run Behavior\ShowPageTraceBehavior [ RunTime:0.000262s ]
INFO: [ app_end ] --END-- [ RunTime:0.000304s ]

[ 2017-06-07T16:51:48+08:00 ] 106.120.122.2 /hyblog/index.php/Home/Index/git
INFO: [ app_init ] --START--
INFO: Run Behavior\BuildLiteBehavior [ RunTime:0.000017s ]
INFO: [ app_init ] --END-- [ RunTime:0.000312s ]
INFO: [ app_begin ] --START--
INFO: Run Behavior\ReadHtmlCacheBehavior [ RunTime:0.000251s ]
INFO: [ app_begin ] --END-- [ RunTime:0.000296s ]
SQL: SHOW COLUMNS FROM `article` [ RunTime:0.0051s ]
SQL: SELECT `aid`,`title` FROM `article` WHERE `is_show` = 1 AND `is_delete` = 0 AND `is_top` = 1 ORDER BY aid desc  [ RunTime:0.0047s ]
SQL: SHOW COLUMNS FROM `comment` [ RunTime:0.0049s ]
SQL: SHOW COLUMNS FROM `oauth_user` [ RunTime:0.0050s ]
SQL: SELECT `id` FROM `oauth_user` WHERE (  is_admin )  [ RunTime:0.0046s ]
SQL: SELECT c.content,c.date,a.title,a.aid,ou.nickname,ou.head_img FROM comment c INNER JOIN article a ON c.aid=a.aid INNER JOIN oauth_user ou ON c.ouid=ou.id  WHERE c.is_delete = 0 ORDER BY c.date desc LIMIT 20   [ RunTime:0.0047s ]
NOTIC: [2] Invalid argument supplied for foreach() /var/www/html/hyblog/Application/Common/Model/CommentModel.class.php 第 202 行.
SQL: SHOW COLUMNS FROM `category` [ RunTime:0.0047s ]
SQL: SELECT * FROM `category` ORDER BY sort  [ RunTime:0.0046s ]
SQL: SHOW COLUMNS FROM `tag` [ RunTime:0.0048s ]
SQL: SELECT * FROM `tag`  [ RunTime:0.0045s ]
SQL: SHOW COLUMNS FROM `article_tag` [ RunTime:0.0048s ]
SQL: SELECT COUNT(*) AS tp_count FROM `article_tag` WHERE `tid` = 20 LIMIT 1   [ RunTime:0.0047s ]
SQL: SHOW COLUMNS FROM `link` [ RunTime:0.0049s ]
SQL: SELECT * FROM `link` WHERE `is_delete` = 0 AND `is_show` = 1 ORDER BY sort  [ RunTime:0.0046s ]
INFO: [ view_parse ] --START--
INFO: [ template_filter ] --START--
INFO: Run Behavior\ContentReplaceBehavior [ RunTime:0.000104s ]
INFO: [ template_filter ] --END-- [ RunTime:0.000157s ]
INFO: Run Behavior\ParseTemplateBehavior [ RunTime:0.010643s ]
INFO: [ view_parse ] --END-- [ RunTime:0.010699s ]
INFO: [ view_filter ] --START--
INFO: Run Behavior\WriteHtmlCacheBehavior [ RunTime:0.000079s ]
INFO: [ view_filter ] --END-- [ RunTime:0.000112s ]
INFO: [ app_end ] --START--
INFO: Run Behavior\ShowPageTraceBehavior [ RunTime:0.000273s ]
INFO: [ app_end ] --END-- [ RunTime:0.000335s ]

[ 2017-06-07T17:54:44+08:00 ] 106.120.122.2 /hyblog/
INFO: [ app_init ] --START--
INFO: Run Behavior\BuildLiteBehavior [ RunTime:0.000012s ]
INFO: [ app_init ] --END-- [ RunTime:0.000199s ]
INFO: [ app_begin ] --START--
INFO: Run Behavior\ReadHtmlCacheBehavior [ RunTime:0.000241s ]
INFO: [ app_begin ] --END-- [ RunTime:0.000285s ]
SQL: SHOW COLUMNS FROM `article` [ RunTime:0.0048s ]
SQL: SELECT `aid`,`title` FROM `article` WHERE `is_show` = 1 AND `is_delete` = 0 AND `is_top` = 1 ORDER BY aid desc  [ RunTime:0.0043s ]
SQL: SHOW COLUMNS FROM `comment` [ RunTime:0.0045s ]
SQL: SHOW COLUMNS FROM `oauth_user` [ RunTime:0.0045s ]
SQL: SELECT `id` FROM `oauth_user` WHERE (  is_admin )  [ RunTime:0.0042s ]
SQL: SELECT c.content,c.date,a.title,a.aid,ou.nickname,ou.head_img FROM comment c INNER JOIN article a ON c.aid=a.aid INNER JOIN oauth_user ou ON c.ouid=ou.id  WHERE c.is_delete = 0 ORDER BY c.date desc LIMIT 20   [ RunTime:0.0045s ]
NOTIC: [2] Invalid argument supplied for foreach() /var/www/html/hyblog/Application/Common/Model/CommentModel.class.php 第 202 行.
SQL: SHOW COLUMNS FROM `category` [ RunTime:0.0046s ]
SQL: SELECT * FROM `category` ORDER BY sort  [ RunTime:0.0042s ]
SQL: SHOW COLUMNS FROM `tag` [ RunTime:0.0044s ]
SQL: SELECT * FROM `tag`  [ RunTime:0.0042s ]
SQL: SHOW COLUMNS FROM `article_tag` [ RunTime:0.0045s ]
SQL: SELECT COUNT(*) AS tp_count FROM `article_tag` WHERE `tid` = 20 LIMIT 1   [ RunTime:0.0042s ]
SQL: SHOW COLUMNS FROM `link` [ RunTime:0.0045s ]
SQL: SELECT * FROM `link` WHERE `is_delete` = 0 AND `is_show` = 1 ORDER BY sort  [ RunTime:0.0042s ]
SQL: SHOW COLUMNS FROM `article` [ RunTime:0.0045s ]
SQL: SELECT COUNT(*) AS tp_count FROM `article` WHERE `is_delete` = 0 AND `is_show` = 1 LIMIT 1   [ RunTime:0.0043s ]
SQL: SELECT * FROM `article` WHERE `is_delete` = 0 AND `is_show` = 1 ORDER BY addtime desc LIMIT 0,10   [ RunTime:0.0043s ]
SQL: SHOW COLUMNS FROM `article_tag` [ RunTime:0.0045s ]
SQL: SHOW COLUMNS FROM `article_tag` [ RunTime:0.0044s ]
SQL: SELECT * FROM `article_tag` INNER JOIN tag ON article_tag.tid=tag.tid  WHERE `aid` = '17'  [ RunTime:0.0044s ]
SQL: SHOW COLUMNS FROM `article_pic` [ RunTime:0.0045s ]
SQL: SELECT `path` FROM `article_pic` WHERE `aid` = 17 ORDER BY ap_id asc LIMIT 1   [ RunTime:0.0042s ]
SQL: SELECT `cid`,`cid`,`cname` FROM `category` WHERE `cid` = 28  [ RunTime:0.0042s ]
INFO: [ view_parse ] --START--
INFO: [ template_filter ] --START--
INFO: Run Behavior\ContentReplaceBehavior [ RunTime:0.000088s ]
INFO: [ template_filter ] --END-- [ RunTime:0.000141s ]
NOTIC: [8] Use of undefined constant url - assumed 'url' /var/www/html/hyblog/Runtime/Cache/Home/08d30c77e78bd0ac29232fbc421b5dcd.php 第 6 行.
INFO: Run Behavior\ParseTemplateBehavior [ RunTime:0.013644s ]
INFO: [ view_parse ] --END-- [ RunTime:0.013695s ]
INFO: [ view_filter ] --START--
INFO: Run Behavior\WriteHtmlCacheBehavior [ RunTime:0.000082s ]
INFO: [ view_filter ] --END-- [ RunTime:0.000115s ]
INFO: [ app_end ] --START--
INFO: Run Behavior\ShowPageTraceBehavior [ RunTime:0.000264s ]
INFO: [ app_end ] --END-- [ RunTime:0.000304s ]

[ 2017-06-07T17:54:53+08:00 ] 106.120.122.2 /hyblog/
INFO: [ app_init ] --START--
INFO: Run Behavior\BuildLiteBehavior [ RunTime:0.000012s ]
INFO: [ app_init ] --END-- [ RunTime:0.000245s ]
INFO: [ app_begin ] --START--
INFO: Run Behavior\ReadHtmlCacheBehavior [ RunTime:0.000247s ]
INFO: [ app_begin ] --END-- [ RunTime:0.000293s ]
SQL: SHOW COLUMNS FROM `article` [ RunTime:0.0048s ]
SQL: SELECT `aid`,`title` FROM `article` WHERE `is_show` = 1 AND `is_delete` = 0 AND `is_top` = 1 ORDER BY aid desc  [ RunTime:0.0043s ]
SQL: SHOW COLUMNS FROM `comment` [ RunTime:0.0046s ]
SQL: SHOW COLUMNS FROM `oauth_user` [ RunTime:0.0045s ]
SQL: SELECT `id` FROM `oauth_user` WHERE (  is_admin )  [ RunTime:0.0043s ]
SQL: SELECT c.content,c.date,a.title,a.aid,ou.nickname,ou.head_img FROM comment c INNER JOIN article a ON c.aid=a.aid INNER JOIN oauth_user ou ON c.ouid=ou.id  WHERE c.is_delete = 0 ORDER BY c.date desc LIMIT 20   [ RunTime:0.0044s ]
NOTIC: [2] Invalid argument supplied for foreach() /var/www/html/hyblog/Application/Common/Model/CommentModel.class.php 第 202 行.
SQL: SHOW COLUMNS FROM `category` [ RunTime:0.0045s ]
SQL: SELECT * FROM `category` ORDER BY sort  [ RunTime:0.0042s ]
SQL: SHOW COLUMNS FROM `tag` [ RunTime:0.0045s ]
SQL: SELECT * FROM `tag`  [ RunTime:0.0042s ]
SQL: SHOW COLUMNS FROM `article_tag` [ RunTime:0.0045s ]
SQL: SELECT COUNT(*) AS tp_count FROM `article_tag` WHERE `tid` = 20 LIMIT 1   [ RunTime:0.0043s ]
SQL: SHOW COLUMNS FROM `link` [ RunTime:0.0047s ]
SQL: SELECT * FROM `link` WHERE `is_delete` = 0 AND `is_show` = 1 ORDER BY sort  [ RunTime:0.0044s ]
SQL: SHOW COLUMNS FROM `article` [ RunTime:0.0047s ]
SQL: SELECT COUNT(*) AS tp_count FROM `article` WHERE `is_delete` = 0 AND `is_show` = 1 LIMIT 1   [ RunTime:0.0043s ]
SQL: SELECT * FROM `article` WHERE `is_delete` = 0 AND `is_show` = 1 ORDER BY addtime desc LIMIT 0,10   [ RunTime:0.0043s ]
SQL: SHOW COLUMNS FROM `article_tag` [ RunTime:0.0046s ]
SQL: SHOW COLUMNS FROM `article_tag` [ RunTime:0.0046s ]
SQL: SELECT * FROM `article_tag` INNER JOIN tag ON article_tag.tid=tag.tid  WHERE `aid` = '17'  [ RunTime:0.0043s ]
SQL: SHOW COLUMNS FROM `article_pic` [ RunTime:0.0046s ]
SQL: SELECT `path` FROM `article_pic` WHERE `aid` = 17 ORDER BY ap_id asc LIMIT 1   [ RunTime:0.0042s ]
SQL: SELECT `cid`,`cid`,`cname` FROM `category` WHERE `cid` = 28  [ RunTime:0.0043s ]
INFO: [ view_parse ] --START--
INFO: [ template_filter ] --START--
INFO: Run Behavior\ContentReplaceBehavior [ RunTime:0.000092s ]
INFO: [ template_filter ] --END-- [ RunTime:0.000150s ]
NOTIC: [8] Use of undefined constant url - assumed 'url' /var/www/html/hyblog/Runtime/Cache/Home/08d30c77e78bd0ac29232fbc421b5dcd.php 第 6 行.
INFO: Run Behavior\ParseTemplateBehavior [ RunTime:0.014725s ]
INFO: [ view_parse ] --END-- [ RunTime:0.014788s ]
INFO: [ view_filter ] --START--
INFO: Run Behavior\WriteHtmlCacheBehavior [ RunTime:0.000095s ]
INFO: [ view_filter ] --END-- [ RunTime:0.000129s ]
INFO: [ app_end ] --START--
INFO: Run Behavior\ShowPageTraceBehavior [ RunTime:0.000271s ]
INFO: [ app_end ] --END-- [ RunTime:0.000310s ]

[ 2017-06-07T17:55:00+08:00 ] 106.120.122.2 /hyblog/
INFO: [ app_init ] --START--
INFO: Run Behavior\BuildLiteBehavior [ RunTime:0.000012s ]
INFO: [ app_init ] --END-- [ RunTime:0.000202s ]
INFO: [ app_begin ] --START--
INFO: Run Behavior\ReadHtmlCacheBehavior [ RunTime:0.000243s ]
INFO: [ app_begin ] --END-- [ RunTime:0.000289s ]
SQL: SHOW COLUMNS FROM `article` [ RunTime:0.0049s ]
SQL: SELECT `aid`,`title` FROM `article` WHERE `is_show` = 1 AND `is_delete` = 0 AND `is_top` = 1 ORDER BY aid desc  [ RunTime:0.0045s ]
SQL: SHOW COLUMNS FROM `comment` [ RunTime:0.0048s ]
SQL: SHOW COLUMNS FROM `oauth_user` [ RunTime:0.0047s ]
SQL: SELECT `id` FROM `oauth_user` WHERE (  is_admin )  [ RunTime:0.0043s ]
SQL: SELECT c.content,c.date,a.title,a.aid,ou.nickname,ou.head_img FROM comment c INNER JOIN article a ON c.aid=a.aid INNER JOIN oauth_user ou ON c.ouid=ou.id  WHERE c.is_delete = 0 ORDER BY c.date desc LIMIT 20   [ RunTime:0.0045s ]
NOTIC: [2] Invalid argument supplied for foreach() /var/www/html/hyblog/Application/Common/Model/CommentModel.class.php 第 202 行.
SQL: SHOW COLUMNS FROM `category` [ RunTime:0.0047s ]
SQL: SELECT * FROM `category` ORDER BY sort  [ RunTime:0.0044s ]
SQL: SHOW COLUMNS FROM `tag` [ RunTime:0.0046s ]
SQL: SELECT * FROM `tag`  [ RunTime:0.0044s ]
SQL: SHOW COLUMNS FROM `article_tag` [ RunTime:0.0047s ]
SQL: SELECT COUNT(*) AS tp_count FROM `article_tag` WHERE `tid` = 20 LIMIT 1   [ RunTime:0.0044s ]
SQL: SHOW COLUMNS FROM `link` [ RunTime:0.0047s ]
SQL: SELECT * FROM `link` WHERE `is_delete` = 0 AND `is_show` = 1 ORDER BY sort  [ RunTime:0.0045s ]
SQL: SHOW COLUMNS FROM `article` [ RunTime:0.0048s ]
SQL: SELECT COUNT(*) AS tp_count FROM `article` WHERE `is_delete` = 0 AND `is_show` = 1 LIMIT 1   [ RunTime:0.0044s ]
SQL: SELECT * FROM `article` WHERE `is_delete` = 0 AND `is_show` = 1 ORDER BY addtime desc LIMIT 0,10   [ RunTime:0.0045s ]
SQL: SHOW COLUMNS FROM `article_tag` [ RunTime:0.0046s ]
SQL: SHOW COLUMNS FROM `article_tag` [ RunTime:0.0049s ]
SQL: SELECT * FROM `article_tag` INNER JOIN tag ON article_tag.tid=tag.tid  WHERE `aid` = '17'  [ RunTime:0.0044s ]
SQL: SHOW COLUMNS FROM `article_pic` [ RunTime:0.0074s ]
SQL: SELECT `path` FROM `article_pic` WHERE `aid` = 17 ORDER BY ap_id asc LIMIT 1   [ RunTime:0.0047s ]
SQL: SELECT `cid`,`cid`,`cname` FROM `category` WHERE `cid` = 28  [ RunTime:0.0045s ]
INFO: [ view_parse ] --START--
INFO: [ template_filter ] --START--
INFO: Run Behavior\ContentReplaceBehavior [ RunTime:0.000098s ]
INFO: [ template_filter ] --END-- [ RunTime:0.000149s ]
NOTIC: [8] Use of undefined constant url - assumed 'url' /var/www/html/hyblog/Runtime/Cache/Home/08d30c77e78bd0ac29232fbc421b5dcd.php 第 6 行.
INFO: Run Behavior\ParseTemplateBehavior [ RunTime:0.013123s ]
INFO: [ view_parse ] --END-- [ RunTime:0.013167s ]
INFO: [ view_filter ] --START--
INFO: Run Behavior\WriteHtmlCacheBehavior [ RunTime:0.000081s ]
INFO: [ view_filter ] --END-- [ RunTime:0.000113s ]
INFO: [ app_end ] --START--
INFO: Run Behavior\ShowPageTraceBehavior [ RunTime:0.000264s ]
INFO: [ app_end ] --END-- [ RunTime:0.000304s ]

[ 2017-06-07T17:55:00+08:00 ] 106.120.122.2 /hyblog/
INFO: [ app_init ] --START--
INFO: Run Behavior\BuildLiteBehavior [ RunTime:0.000011s ]
INFO: [ app_init ] --END-- [ RunTime:0.000193s ]
INFO: [ app_begin ] --START--
INFO: Run Behavior\ReadHtmlCacheBehavior [ RunTime:0.000241s ]
INFO: [ app_begin ] --END-- [ RunTime:0.000285s ]
SQL: SHOW COLUMNS FROM `article` [ RunTime:0.0053s ]
SQL: SELECT `aid`,`title` FROM `article` WHERE `is_show` = 1 AND `is_delete` = 0 AND `is_top` = 1 ORDER BY aid desc  [ RunTime:0.0051s ]
SQL: SHOW COLUMNS FROM `comment` [ RunTime:0.0052s ]
SQL: SHOW COLUMNS FROM `oauth_user` [ RunTime:0.0051s ]
SQL: SELECT `id` FROM `oauth_user` WHERE (  is_admin )  [ RunTime:0.0049s ]
SQL: SELECT c.content,c.date,a.title,a.aid,ou.nickname,ou.head_img FROM comment c INNER JOIN article a ON c.aid=a.aid INNER JOIN oauth_user ou ON c.ouid=ou.id  WHERE c.is_delete = 0 ORDER BY c.date desc LIMIT 20   [ RunTime:0.0051s ]
NOTIC: [2] Invalid argument supplied for foreach() /var/www/html/hyblog/Application/Common/Model/CommentModel.class.php 第 202 行.
SQL: SHOW COLUMNS FROM `category` [ RunTime:0.0051s ]
SQL: SELECT * FROM `category` ORDER BY sort  [ RunTime:0.0048s ]
SQL: SHOW COLUMNS FROM `tag` [ RunTime:0.0051s ]
SQL: SELECT * FROM `tag`  [ RunTime:0.0048s ]
SQL: SHOW COLUMNS FROM `article_tag` [ RunTime:0.0050s ]
SQL: SELECT COUNT(*) AS tp_count FROM `article_tag` WHERE `tid` = 20 LIMIT 1   [ RunTime:0.0049s ]
SQL: SHOW COLUMNS FROM `link` [ RunTime:0.0051s ]
SQL: SELECT * FROM `link` WHERE `is_delete` = 0 AND `is_show` = 1 ORDER BY sort  [ RunTime:0.0048s ]
SQL: SHOW COLUMNS FROM `article` [ RunTime:0.0052s ]
SQL: SELECT COUNT(*) AS tp_count FROM `article` WHERE `is_delete` = 0 AND `is_show` = 1 LIMIT 1   [ RunTime:0.0048s ]
SQL: SELECT * FROM `article` WHERE `is_delete` = 0 AND `is_show` = 1 ORDER BY addtime desc LIMIT 0,10   [ RunTime:0.0049s ]
SQL: SHOW COLUMNS FROM `article_tag` [ RunTime:0.0050s ]
SQL: SHOW COLUMNS FROM `article_tag` [ RunTime:0.0050s ]
SQL: SELECT * FROM `article_tag` INNER JOIN tag ON article_tag.tid=tag.tid  WHERE `aid` = '17'  [ RunTime:0.0049s ]
SQL: SHOW COLUMNS FROM `article_pic` [ RunTime:0.0052s ]
SQL: SELECT `path` FROM `article_pic` WHERE `aid` = 17 ORDER BY ap_id asc LIMIT 1   [ RunTime:0.0049s ]
SQL: SELECT `cid`,`cid`,`cname` FROM `category` WHERE `cid` = 28  [ RunTime:0.0048s ]
INFO: [ view_parse ] --START--
INFO: [ template_filter ] --START--
INFO: Run Behavior\ContentReplaceBehavior [ RunTime:0.000088s ]
INFO: [ template_filter ] --END-- [ RunTime:0.000138s ]
NOTIC: [8] Use of undefined constant url - assumed 'url' /var/www/html/hyblog/Runtime/Cache/Home/08d30c77e78bd0ac29232fbc421b5dcd.php 第 6 行.
INFO: Run Behavior\ParseTemplateBehavior [ RunTime:0.013563s ]
INFO: [ view_parse ] --END-- [ RunTime:0.013608s ]
INFO: [ view_filter ] --START--
INFO: Run Behavior\WriteHtmlCacheBehavior [ RunTime:0.000091s ]
INFO: [ view_filter ] --END-- [ RunTime:0.000125s ]
INFO: [ app_end ] --START--
INFO: Run Behavior\ShowPageTraceBehavior [ RunTime:0.000271s ]
INFO: [ app_end ] --END-- [ RunTime:0.000313s ]

[ 2017-06-07T17:55:05+08:00 ] 106.120.122.2 /hyblog/index.php/Home/Index/git
INFO: [ app_init ] --START--
INFO: Run Behavior\BuildLiteBehavior [ RunTime:0.000011s ]
INFO: [ app_init ] --END-- [ RunTime:0.000198s ]
INFO: [ app_begin ] --START--
INFO: Run Behavior\ReadHtmlCacheBehavior [ RunTime:0.000243s ]
INFO: [ app_begin ] --END-- [ RunTime:0.000288s ]
SQL: SHOW COLUMNS FROM `article` [ RunTime:0.0050s ]
SQL: SELECT `aid`,`title` FROM `article` WHERE `is_show` = 1 AND `is_delete` = 0 AND `is_top` = 1 ORDER BY aid desc  [ RunTime:0.0046s ]
SQL: SHOW COLUMNS FROM `comment` [ RunTime:0.0048s ]
SQL: SHOW COLUMNS FROM `oauth_user` [ RunTime:0.0048s ]
SQL: SELECT `id` FROM `oauth_user` WHERE (  is_admin )  [ RunTime:0.0045s ]
SQL: SELECT c.content,c.date,a.title,a.aid,ou.nickname,ou.head_img FROM comment c INNER JOIN article a ON c.aid=a.aid INNER JOIN oauth_user ou ON c.ouid=ou.id  WHERE c.is_delete = 0 ORDER BY c.date desc LIMIT 20   [ RunTime:0.0047s ]
NOTIC: [2] Invalid argument supplied for foreach() /var/www/html/hyblog/Application/Common/Model/CommentModel.class.php 第 202 行.
SQL: SHOW COLUMNS FROM `category` [ RunTime:0.0048s ]
SQL: SELECT * FROM `category` ORDER BY sort  [ RunTime:0.0048s ]
SQL: SHOW COLUMNS FROM `tag` [ RunTime:0.0048s ]
SQL: SELECT * FROM `tag`  [ RunTime:0.0047s ]
SQL: SHOW COLUMNS FROM `article_tag` [ RunTime:0.0047s ]
SQL: SELECT COUNT(*) AS tp_count FROM `article_tag` WHERE `tid` = 20 LIMIT 1   [ RunTime:0.0045s ]
SQL: SHOW COLUMNS FROM `link` [ RunTime:0.0048s ]
SQL: SELECT * FROM `link` WHERE `is_delete` = 0 AND `is_show` = 1 ORDER BY sort  [ RunTime:0.0046s ]
INFO: [ view_parse ] --START--
INFO: [ template_filter ] --START--
INFO: Run Behavior\ContentReplaceBehavior [ RunTime:0.000102s ]
INFO: [ template_filter ] --END-- [ RunTime:0.000149s ]
INFO: Run Behavior\ParseTemplateBehavior [ RunTime:0.010509s ]
INFO: [ view_parse ] --END-- [ RunTime:0.010558s ]
INFO: [ view_filter ] --START--
INFO: Run Behavior\WriteHtmlCacheBehavior [ RunTime:0.000079s ]
INFO: [ view_filter ] --END-- [ RunTime:0.000111s ]
INFO: [ app_end ] --START--
INFO: Run Behavior\ShowPageTraceBehavior [ RunTime:0.000272s ]
INFO: [ app_end ] --END-- [ RunTime:0.000312s ]

[ 2017-06-07T17:55:06+08:00 ] 106.120.122.2 /hyblog/index.php/Home/Index/chat
INFO: [ app_init ] --START--
INFO: Run Behavior\BuildLiteBehavior [ RunTime:0.000011s ]
INFO: [ app_init ] --END-- [ RunTime:0.000206s ]
INFO: [ app_begin ] --START--
INFO: Run Behavior\ReadHtmlCacheBehavior [ RunTime:0.000264s ]
INFO: [ app_begin ] --END-- [ RunTime:0.000308s ]
SQL: SHOW COLUMNS FROM `article` [ RunTime:0.0048s ]
SQL: SELECT `aid`,`title` FROM `article` WHERE `is_show` = 1 AND `is_delete` = 0 AND `is_top` = 1 ORDER BY aid desc  [ RunTime:0.0045s ]
SQL: SHOW COLUMNS FROM `comment` [ RunTime:0.0046s ]
SQL: SHOW COLUMNS FROM `oauth_user` [ RunTime:0.0047s ]
SQL: SELECT `id` FROM `oauth_user` WHERE (  is_admin )  [ RunTime:0.0044s ]
SQL: SELECT c.content,c.date,a.title,a.aid,ou.nickname,ou.head_img FROM comment c INNER JOIN article a ON c.aid=a.aid INNER JOIN oauth_user ou ON c.ouid=ou.id  WHERE c.is_delete = 0 ORDER BY c.date desc LIMIT 20   [ RunTime:0.0046s ]
NOTIC: [2] Invalid argument supplied for foreach() /var/www/html/hyblog/Application/Common/Model/CommentModel.class.php 第 202 行.
SQL: SHOW COLUMNS FROM `category` [ RunTime:0.0048s ]
SQL: SELECT * FROM `category` ORDER BY sort  [ RunTime:0.0048s ]
SQL: SHOW COLUMNS FROM `tag` [ RunTime:0.0047s ]
SQL: SELECT * FROM `tag`  [ RunTime:0.0044s ]
SQL: SHOW COLUMNS FROM `article_tag` [ RunTime:0.0046s ]
SQL: SELECT COUNT(*) AS tp_count FROM `article_tag` WHERE `tid` = 20 LIMIT 1   [ RunTime:0.0044s ]
SQL: SHOW COLUMNS FROM `link` [ RunTime:0.0047s ]
SQL: SELECT * FROM `link` WHERE `is_delete` = 0 AND `is_show` = 1 ORDER BY sort  [ RunTime:0.0046s ]
SQL: SHOW COLUMNS FROM `chat` [ RunTime:0.0048s ]
SQL: SELECT * FROM `chat` WHERE ( is_delete=0 and is_show=1 ) ORDER BY date desc  [ RunTime:0.0044s ]
INFO: [ view_parse ] --START--
INFO: [ template_filter ] --START--
INFO: Run Behavior\ContentReplaceBehavior [ RunTime:0.000093s ]
INFO: [ template_filter ] --END-- [ RunTime:0.000138s ]
INFO: Run Behavior\ParseTemplateBehavior [ RunTime:0.012602s ]
INFO: [ view_parse ] --END-- [ RunTime:0.012657s ]
INFO: [ view_filter ] --START--
INFO: Run Behavior\WriteHtmlCacheBehavior [ RunTime:0.000080s ]
INFO: [ view_filter ] --END-- [ RunTime:0.000113s ]
INFO: [ app_end ] --START--
INFO: Run Behavior\ShowPageTraceBehavior [ RunTime:0.000294s ]
INFO: [ app_end ] --END-- [ RunTime:0.000334s ]

[ 2017-06-07T17:55:07+08:00 ] 106.120.122.2 /hyblog/index.php/Home/Index/category/cid/28
INFO: [ app_init ] --START--
INFO: Run Behavior\BuildLiteBehavior [ RunTime:0.000011s ]
INFO: [ app_init ] --END-- [ RunTime:0.000197s ]
INFO: [ app_begin ] --START--
INFO: Run Behavior\ReadHtmlCacheBehavior [ RunTime:0.000247s ]
INFO: [ app_begin ] --END-- [ RunTime:0.000291s ]
SQL: SHOW COLUMNS FROM `article` [ RunTime:0.0051s ]
SQL: SELECT `aid`,`title` FROM `article` WHERE `is_show` = 1 AND `is_delete` = 0 AND `is_top` = 1 ORDER BY aid desc  [ RunTime:0.0046s ]
SQL: SHOW COLUMNS FROM `comment` [ RunTime:0.0048s ]
SQL: SHOW COLUMNS FROM `oauth_user` [ RunTime:0.0050s ]
SQL: SELECT `id` FROM `oauth_user` WHERE (  is_admin )  [ RunTime:0.0046s ]
SQL: SELECT c.content,c.date,a.title,a.aid,ou.nickname,ou.head_img FROM comment c INNER JOIN article a ON c.aid=a.aid INNER JOIN oauth_user ou ON c.ouid=ou.id  WHERE c.is_delete = 0 ORDER BY c.date desc LIMIT 20   [ RunTime:0.0048s ]
NOTIC: [2] Invalid argument supplied for foreach() /var/www/html/hyblog/Application/Common/Model/CommentModel.class.php 第 202 行.
SQL: SHOW COLUMNS FROM `category` [ RunTime:0.0048s ]
SQL: SELECT * FROM `category` ORDER BY sort  [ RunTime:0.0046s ]
SQL: SHOW COLUMNS FROM `tag` [ RunTime:0.0048s ]
SQL: SELECT * FROM `tag`  [ RunTime:0.0045s ]
SQL: SHOW COLUMNS FROM `article_tag` [ RunTime:0.0048s ]
SQL: SELECT COUNT(*) AS tp_count FROM `article_tag` WHERE `tid` = 20 LIMIT 1   [ RunTime:0.0046s ]
SQL: SHOW COLUMNS FROM `link` [ RunTime:0.0049s ]
SQL: SELECT * FROM `link` WHERE `is_delete` = 0 AND `is_show` = 1 ORDER BY sort  [ RunTime:0.0047s ]
SQL: SELECT * FROM `category` WHERE `cid` = 28 LIMIT 1   [ RunTime:0.0046s ]
SQL: SHOW COLUMNS FROM `article` [ RunTime:0.0049s ]
SQL: SELECT COUNT(*) AS tp_count FROM `article` WHERE `cid` = 28 AND `is_delete` = 0 AND `is_show` = 1 LIMIT 1   [ RunTime:0.0049s ]
SQL: SELECT * FROM `article` WHERE `cid` = 28 AND `is_delete` = 0 AND `is_show` = 1 ORDER BY addtime desc LIMIT 0,10   [ RunTime:0.0046s ]
SQL: SHOW COLUMNS FROM `article_tag` [ RunTime:0.0049s ]
SQL: SHOW COLUMNS FROM `article_tag` [ RunTime:0.0048s ]
SQL: SELECT * FROM `article_tag` INNER JOIN tag ON article_tag.tid=tag.tid  WHERE `aid` = '17'  [ RunTime:0.0047s ]
SQL: SHOW COLUMNS FROM `article_pic` [ RunTime:0.0049s ]
SQL: SELECT `path` FROM `article_pic` WHERE `aid` = 17 ORDER BY ap_id asc LIMIT 1   [ RunTime:0.0047s ]
SQL: SELECT `cid`,`cid`,`cname` FROM `category` WHERE `cid` = 28  [ RunTime:0.0046s ]
INFO: [ view_parse ] --START--
INFO: [ template_filter ] --START--
INFO: Run Behavior\ContentReplaceBehavior [ RunTime:0.000091s ]
INFO: [ template_filter ] --END-- [ RunTime:0.000141s ]
INFO: Run Behavior\ParseTemplateBehavior [ RunTime:0.012983s ]
INFO: [ view_parse ] --END-- [ RunTime:0.013031s ]
INFO: [ view_filter ] --START--
INFO: Run Behavior\WriteHtmlCacheBehavior [ RunTime:0.000083s ]
INFO: [ view_filter ] --END-- [ RunTime:0.000117s ]
INFO: [ app_end ] --START--
INFO: Run Behavior\ShowPageTraceBehavior [ RunTime:0.000278s ]
INFO: [ app_end ] --END-- [ RunTime:0.000321s ]

