[ 2017-06-09T00:44:20+08:00 ] 106.120.122.2 /hyblog/
INFO: [ app_init ] --START--
INFO: Run Behavior\BuildLiteBehavior [ RunTime:0.000011s ]
INFO: [ app_init ] --END-- [ RunTime:0.000233s ]
INFO: [ app_begin ] --START--
INFO: Run Behavior\ReadHtmlCacheBehavior [ RunTime:0.000273s ]
INFO: [ app_begin ] --END-- [ RunTime:0.000317s ]
SQL: SHOW COLUMNS FROM `article` [ RunTime:0.0050s ]
SQL: SELECT `aid`,`title` FROM `article` WHERE `is_show` = 1 AND `is_delete` = 0 AND `is_top` = 1 ORDER BY aid desc  [ RunTime:0.0045s ]
SQL: SHOW COLUMNS FROM `comment` [ RunTime:0.0048s ]
SQL: SHOW COLUMNS FROM `oauth_user` [ RunTime:0.0047s ]
SQL: SELECT `id` FROM `oauth_user` WHERE (  is_admin )  [ RunTime:0.0044s ]
SQL: SELECT c.content,c.date,a.title,a.aid,ou.nickname,ou.head_img FROM comment c INNER JOIN article a ON c.aid=a.aid INNER JOIN oauth_user ou ON c.ouid=ou.id  WHERE c.is_delete = 0 ORDER BY c.date desc LIMIT 20   [ RunTime:0.0047s ]
NOTIC: [2] Invalid argument supplied for foreach() /var/www/html/hyblog/Application/Common/Model/CommentModel.class.php 第 202 行.
SQL: SHOW COLUMNS FROM `category` [ RunTime:0.0048s ]
SQL: SELECT * FROM `category` ORDER BY sort  [ RunTime:0.0044s ]
SQL: SHOW COLUMNS FROM `tag` [ RunTime:0.0048s ]
SQL: SELECT * FROM `tag`  [ RunTime:0.0044s ]
SQL: SHOW COLUMNS FROM `article_tag` [ RunTime:0.0047s ]
SQL: SELECT COUNT(*) AS tp_count FROM `article_tag` WHERE `tid` = 20 LIMIT 1   [ RunTime:0.0055s ]
SQL: SHOW COLUMNS FROM `link` [ RunTime:0.0048s ]
SQL: SELECT * FROM `link` WHERE `is_delete` = 0 AND `is_show` = 1 ORDER BY sort  [ RunTime:0.0045s ]
SQL: SHOW COLUMNS FROM `article` [ RunTime:0.0048s ]
SQL: SELECT COUNT(*) AS tp_count FROM `article` WHERE `is_delete` = 0 AND `is_show` = 1 LIMIT 1   [ RunTime:0.0045s ]
SQL: SELECT * FROM `article` WHERE `is_delete` = 0 AND `is_show` = 1 ORDER BY addtime desc LIMIT 0,10   [ RunTime:0.0046s ]
SQL: SHOW COLUMNS FROM `article_tag` [ RunTime:0.0047s ]
SQL: SHOW COLUMNS FROM `article_tag` [ RunTime:0.0046s ]
SQL: SELECT * FROM `article_tag` INNER JOIN tag ON article_tag.tid=tag.tid  WHERE `aid` = '17'  [ RunTime:0.0045s ]
SQL: SHOW COLUMNS FROM `article_pic` [ RunTime:0.0047s ]
SQL: SELECT `path` FROM `article_pic` WHERE `aid` = 17 ORDER BY ap_id asc LIMIT 1   [ RunTime:0.0045s ]
SQL: SELECT `cid`,`cid`,`cname` FROM `category` WHERE `cid` = 28  [ RunTime:0.0044s ]
INFO: [ view_parse ] --START--
INFO: [ template_filter ] --START--
INFO: Run Behavior\ContentReplaceBehavior [ RunTime:0.000093s ]
INFO: [ template_filter ] --END-- [ RunTime:0.000157s ]
NOTIC: [8] Use of undefined constant url - assumed 'url' /var/www/html/hyblog/Runtime/Cache/Home/08d30c77e78bd0ac29232fbc421b5dcd.php 第 6 行.
INFO: Run Behavior\ParseTemplateBehavior [ RunTime:0.013232s ]
INFO: [ view_parse ] --END-- [ RunTime:0.013288s ]
INFO: [ view_filter ] --START--
INFO: Run Behavior\WriteHtmlCacheBehavior [ RunTime:0.000098s ]
INFO: [ view_filter ] --END-- [ RunTime:0.000131s ]
INFO: [ app_end ] --START--
INFO: Run Behavior\ShowPageTraceBehavior [ RunTime:0.000264s ]
INFO: [ app_end ] --END-- [ RunTime:0.000303s ]

[ 2017-06-09T00:44:56+08:00 ] 106.120.122.2 /hyblog/index.php/Home/Index/category/cid/28
INFO: [ app_init ] --START--
INFO: Run Behavior\BuildLiteBehavior [ RunTime:0.000012s ]
INFO: [ app_init ] --END-- [ RunTime:0.000206s ]
INFO: [ app_begin ] --START--
INFO: Run Behavior\ReadHtmlCacheBehavior [ RunTime:0.000247s ]
INFO: [ app_begin ] --END-- [ RunTime:0.000291s ]
SQL: SHOW COLUMNS FROM `article` [ RunTime:0.0068s ]
SQL: SELECT `aid`,`title` FROM `article` WHERE `is_show` = 1 AND `is_delete` = 0 AND `is_top` = 1 ORDER BY aid desc  [ RunTime:0.0051s ]
SQL: SHOW COLUMNS FROM `comment` [ RunTime:0.0054s ]
SQL: SHOW COLUMNS FROM `oauth_user` [ RunTime:0.0055s ]
SQL: SELECT `id` FROM `oauth_user` WHERE (  is_admin )  [ RunTime:0.0050s ]
SQL: SELECT c.content,c.date,a.title,a.aid,ou.nickname,ou.head_img FROM comment c INNER JOIN article a ON c.aid=a.aid INNER JOIN oauth_user ou ON c.ouid=ou.id  WHERE c.is_delete = 0 ORDER BY c.date desc LIMIT 20   [ RunTime:0.0053s ]
NOTIC: [2] Invalid argument supplied for foreach() /var/www/html/hyblog/Application/Common/Model/CommentModel.class.php 第 202 行.
SQL: SHOW COLUMNS FROM `category` [ RunTime:0.0054s ]
SQL: SELECT * FROM `category` ORDER BY sort  [ RunTime:0.0050s ]
SQL: SHOW COLUMNS FROM `tag` [ RunTime:0.0053s ]
SQL: SELECT * FROM `tag`  [ RunTime:0.0051s ]
SQL: SHOW COLUMNS FROM `article_tag` [ RunTime:0.0053s ]
SQL: SELECT COUNT(*) AS tp_count FROM `article_tag` WHERE `tid` = 20 LIMIT 1   [ RunTime:0.0051s ]
SQL: SHOW COLUMNS FROM `link` [ RunTime:0.0055s ]
SQL: SELECT * FROM `link` WHERE `is_delete` = 0 AND `is_show` = 1 ORDER BY sort  [ RunTime:0.0051s ]
SQL: SELECT * FROM `category` WHERE `cid` = 28 LIMIT 1   [ RunTime:0.0051s ]
SQL: SHOW COLUMNS FROM `article` [ RunTime:0.0055s ]
SQL: SELECT COUNT(*) AS tp_count FROM `article` WHERE `cid` = 28 AND `is_delete` = 0 AND `is_show` = 1 LIMIT 1   [ RunTime:0.0050s ]
SQL: SELECT * FROM `article` WHERE `cid` = 28 AND `is_delete` = 0 AND `is_show` = 1 ORDER BY addtime desc LIMIT 0,10   [ RunTime:0.0051s ]
SQL: SHOW COLUMNS FROM `article_tag` [ RunTime:0.0055s ]
SQL: SHOW COLUMNS FROM `article_tag` [ RunTime:0.0053s ]
SQL: SELECT * FROM `article_tag` INNER JOIN tag ON article_tag.tid=tag.tid  WHERE `aid` = '17'  [ RunTime:0.0051s ]
SQL: SHOW COLUMNS FROM `article_pic` [ RunTime:0.0054s ]
SQL: SELECT `path` FROM `article_pic` WHERE `aid` = 17 ORDER BY ap_id asc LIMIT 1   [ RunTime:0.0051s ]
SQL: SELECT `cid`,`cid`,`cname` FROM `category` WHERE `cid` = 28  [ RunTime:0.0050s ]
INFO: [ view_parse ] --START--
INFO: [ template_filter ] --START--
INFO: Run Behavior\ContentReplaceBehavior [ RunTime:0.000095s ]
INFO: [ template_filter ] --END-- [ RunTime:0.000162s ]
INFO: Run Behavior\ParseTemplateBehavior [ RunTime:0.014217s ]
INFO: [ view_parse ] --END-- [ RunTime:0.014265s ]
INFO: [ view_filter ] --START--
INFO: Run Behavior\WriteHtmlCacheBehavior [ RunTime:0.000086s ]
INFO: [ view_filter ] --END-- [ RunTime:0.000118s ]
INFO: [ app_end ] --START--
INFO: Run Behavior\ShowPageTraceBehavior [ RunTime:0.000301s ]
INFO: [ app_end ] --END-- [ RunTime:0.000342s ]

[ 2017-06-09T00:44:58+08:00 ] 106.120.122.2 /hyblog/index.php/Home/Index/chat
INFO: [ app_init ] --START--
INFO: Run Behavior\BuildLiteBehavior [ RunTime:0.000012s ]
INFO: [ app_init ] --END-- [ RunTime:0.000211s ]
INFO: [ app_begin ] --START--
INFO: Run Behavior\ReadHtmlCacheBehavior [ RunTime:0.000248s ]
INFO: [ app_begin ] --END-- [ RunTime:0.000293s ]
SQL: SHOW COLUMNS FROM `article` [ RunTime:0.0052s ]
SQL: SELECT `aid`,`title` FROM `article` WHERE `is_show` = 1 AND `is_delete` = 0 AND `is_top` = 1 ORDER BY aid desc  [ RunTime:0.0046s ]
SQL: SHOW COLUMNS FROM `comment` [ RunTime:0.0049s ]
SQL: SHOW COLUMNS FROM `oauth_user` [ RunTime:0.0051s ]
SQL: SELECT `id` FROM `oauth_user` WHERE (  is_admin )  [ RunTime:0.0046s ]
SQL: SELECT c.content,c.date,a.title,a.aid,ou.nickname,ou.head_img FROM comment c INNER JOIN article a ON c.aid=a.aid INNER JOIN oauth_user ou ON c.ouid=ou.id  WHERE c.is_delete = 0 ORDER BY c.date desc LIMIT 20   [ RunTime:0.0050s ]
NOTIC: [2] Invalid argument supplied for foreach() /var/www/html/hyblog/Application/Common/Model/CommentModel.class.php 第 202 行.
SQL: SHOW COLUMNS FROM `category` [ RunTime:0.0050s ]
SQL: SELECT * FROM `category` ORDER BY sort  [ RunTime:0.0047s ]
SQL: SHOW COLUMNS FROM `tag` [ RunTime:0.0050s ]
SQL: SELECT * FROM `tag`  [ RunTime:0.0048s ]
SQL: SHOW COLUMNS FROM `article_tag` [ RunTime:0.0052s ]
SQL: SELECT COUNT(*) AS tp_count FROM `article_tag` WHERE `tid` = 20 LIMIT 1   [ RunTime:0.0047s ]
SQL: SHOW COLUMNS FROM `link` [ RunTime:0.0050s ]
SQL: SELECT * FROM `link` WHERE `is_delete` = 0 AND `is_show` = 1 ORDER BY sort  [ RunTime:0.0049s ]
SQL: SHOW COLUMNS FROM `chat` [ RunTime:0.0051s ]
SQL: SELECT * FROM `chat` WHERE ( is_delete=0 and is_show=1 ) ORDER BY date desc  [ RunTime:0.0049s ]
INFO: [ view_parse ] --START--
INFO: [ template_filter ] --START--
INFO: Run Behavior\ContentReplaceBehavior [ RunTime:0.000094s ]
INFO: [ template_filter ] --END-- [ RunTime:0.000151s ]
INFO: Run Behavior\ParseTemplateBehavior [ RunTime:0.012251s ]
INFO: [ view_parse ] --END-- [ RunTime:0.012302s ]
INFO: [ view_filter ] --START--
INFO: Run Behavior\WriteHtmlCacheBehavior [ RunTime:0.000084s ]
INFO: [ view_filter ] --END-- [ RunTime:0.000118s ]
INFO: [ app_end ] --START--
INFO: Run Behavior\ShowPageTraceBehavior [ RunTime:0.000260s ]
INFO: [ app_end ] --END-- [ RunTime:0.000302s ]

[ 2017-06-09T00:45:03+08:00 ] 106.120.122.2 /hyblog/index.php/Home/Index/git
INFO: [ app_init ] --START--
INFO: Run Behavior\BuildLiteBehavior [ RunTime:0.000012s ]
INFO: [ app_init ] --END-- [ RunTime:0.000204s ]
INFO: [ app_begin ] --START--
INFO: Run Behavior\ReadHtmlCacheBehavior [ RunTime:0.000244s ]
INFO: [ app_begin ] --END-- [ RunTime:0.000287s ]
SQL: SHOW COLUMNS FROM `article` [ RunTime:0.0051s ]
SQL: SELECT `aid`,`title` FROM `article` WHERE `is_show` = 1 AND `is_delete` = 0 AND `is_top` = 1 ORDER BY aid desc  [ RunTime:0.0045s ]
SQL: SHOW COLUMNS FROM `comment` [ RunTime:0.0049s ]
SQL: SHOW COLUMNS FROM `oauth_user` [ RunTime:0.0048s ]
SQL: SELECT `id` FROM `oauth_user` WHERE (  is_admin )  [ RunTime:0.0047s ]
SQL: SELECT c.content,c.date,a.title,a.aid,ou.nickname,ou.head_img FROM comment c INNER JOIN article a ON c.aid=a.aid INNER JOIN oauth_user ou ON c.ouid=ou.id  WHERE c.is_delete = 0 ORDER BY c.date desc LIMIT 20   [ RunTime:0.0047s ]
NOTIC: [2] Invalid argument supplied for foreach() /var/www/html/hyblog/Application/Common/Model/CommentModel.class.php 第 202 行.
SQL: SHOW COLUMNS FROM `category` [ RunTime:0.0047s ]
SQL: SELECT * FROM `category` ORDER BY sort  [ RunTime:0.0046s ]
SQL: SHOW COLUMNS FROM `tag` [ RunTime:0.0047s ]
SQL: SELECT * FROM `tag`  [ RunTime:0.0045s ]
SQL: SHOW COLUMNS FROM `article_tag` [ RunTime:0.0047s ]
SQL: SELECT COUNT(*) AS tp_count FROM `article_tag` WHERE `tid` = 20 LIMIT 1   [ RunTime:0.0044s ]
SQL: SHOW COLUMNS FROM `link` [ RunTime:0.0047s ]
SQL: SELECT * FROM `link` WHERE `is_delete` = 0 AND `is_show` = 1 ORDER BY sort  [ RunTime:0.0045s ]
INFO: [ view_parse ] --START--
INFO: [ template_filter ] --START--
INFO: Run Behavior\ContentReplaceBehavior [ RunTime:0.000104s ]
INFO: [ template_filter ] --END-- [ RunTime:0.000172s ]
INFO: Run Behavior\ParseTemplateBehavior [ RunTime:0.011727s ]
INFO: [ view_parse ] --END-- [ RunTime:0.011794s ]
INFO: [ view_filter ] --START--
INFO: Run Behavior\WriteHtmlCacheBehavior [ RunTime:0.000110s ]
INFO: [ view_filter ] --END-- [ RunTime:0.000151s ]
INFO: [ app_end ] --START--
INFO: Run Behavior\ShowPageTraceBehavior [ RunTime:0.000269s ]
INFO: [ app_end ] --END-- [ RunTime:0.000318s ]

[ 2017-06-09T00:45:31+08:00 ] 106.120.122.2 /hyblog/
INFO: [ app_init ] --START--
INFO: Run Behavior\BuildLiteBehavior [ RunTime:0.000012s ]
INFO: [ app_init ] --END-- [ RunTime:0.000208s ]
INFO: [ app_begin ] --START--
INFO: Run Behavior\ReadHtmlCacheBehavior [ RunTime:0.000244s ]
INFO: [ app_begin ] --END-- [ RunTime:0.000288s ]
SQL: SHOW COLUMNS FROM `article` [ RunTime:0.0050s ]
SQL: SELECT `aid`,`title` FROM `article` WHERE `is_show` = 1 AND `is_delete` = 0 AND `is_top` = 1 ORDER BY aid desc  [ RunTime:0.0045s ]
SQL: SHOW COLUMNS FROM `comment` [ RunTime:0.0047s ]
SQL: SHOW COLUMNS FROM `oauth_user` [ RunTime:0.0047s ]
SQL: SELECT `id` FROM `oauth_user` WHERE (  is_admin )  [ RunTime:0.0043s ]
SQL: SELECT c.content,c.date,a.title,a.aid,ou.nickname,ou.head_img FROM comment c INNER JOIN article a ON c.aid=a.aid INNER JOIN oauth_user ou ON c.ouid=ou.id  WHERE c.is_delete = 0 ORDER BY c.date desc LIMIT 20   [ RunTime:0.0047s ]
NOTIC: [2] Invalid argument supplied for foreach() /var/www/html/hyblog/Application/Common/Model/CommentModel.class.php 第 202 行.
SQL: SHOW COLUMNS FROM `category` [ RunTime:0.0046s ]
SQL: SELECT * FROM `category` ORDER BY sort  [ RunTime:0.0044s ]
SQL: SHOW COLUMNS FROM `tag` [ RunTime:0.0045s ]
SQL: SELECT * FROM `tag`  [ RunTime:0.0044s ]
SQL: SHOW COLUMNS FROM `article_tag` [ RunTime:0.0046s ]
SQL: SELECT COUNT(*) AS tp_count FROM `article_tag` WHERE `tid` = 20 LIMIT 1   [ RunTime:0.0044s ]
SQL: SHOW COLUMNS FROM `link` [ RunTime:0.0048s ]
SQL: SELECT * FROM `link` WHERE `is_delete` = 0 AND `is_show` = 1 ORDER BY sort  [ RunTime:0.0044s ]
SQL: SHOW COLUMNS FROM `article` [ RunTime:0.0048s ]
SQL: SELECT COUNT(*) AS tp_count FROM `article` WHERE `is_delete` = 0 AND `is_show` = 1 LIMIT 1   [ RunTime:0.0044s ]
SQL: SELECT * FROM `article` WHERE `is_delete` = 0 AND `is_show` = 1 ORDER BY addtime desc LIMIT 0,10   [ RunTime:0.0044s ]
SQL: SHOW COLUMNS FROM `article_tag` [ RunTime:0.0049s ]
SQL: SHOW COLUMNS FROM `article_tag` [ RunTime:0.0045s ]
SQL: SELECT * FROM `article_tag` INNER JOIN tag ON article_tag.tid=tag.tid  WHERE `aid` = '17'  [ RunTime:0.0045s ]
SQL: SHOW COLUMNS FROM `article_pic` [ RunTime:0.0046s ]
SQL: SELECT `path` FROM `article_pic` WHERE `aid` = 17 ORDER BY ap_id asc LIMIT 1   [ RunTime:0.0044s ]
SQL: SELECT `cid`,`cid`,`cname` FROM `category` WHERE `cid` = 28  [ RunTime:0.0044s ]
INFO: [ view_parse ] --START--
INFO: [ template_filter ] --START--
INFO: Run Behavior\ContentReplaceBehavior [ RunTime:0.000094s ]
INFO: [ template_filter ] --END-- [ RunTime:0.000160s ]
NOTIC: [8] Use of undefined constant url - assumed 'url' /var/www/html/hyblog/Runtime/Cache/Home/08d30c77e78bd0ac29232fbc421b5dcd.php 第 6 行.
INFO: Run Behavior\ParseTemplateBehavior [ RunTime:0.013080s ]
INFO: [ view_parse ] --END-- [ RunTime:0.013128s ]
INFO: [ view_filter ] --START--
INFO: Run Behavior\WriteHtmlCacheBehavior [ RunTime:0.000093s ]
INFO: [ view_filter ] --END-- [ RunTime:0.000126s ]
INFO: [ app_end ] --START--
INFO: Run Behavior\ShowPageTraceBehavior [ RunTime:0.000261s ]
INFO: [ app_end ] --END-- [ RunTime:0.000302s ]

[ 2017-06-09T00:45:35+08:00 ] 106.120.122.2 /hyblog/index.php/Home/Index/article/aid/17
INFO: [ app_init ] --START--
INFO: Run Behavior\BuildLiteBehavior [ RunTime:0.000014s ]
INFO: [ app_init ] --END-- [ RunTime:0.000206s ]
INFO: [ app_begin ] --START--
INFO: Run Behavior\ReadHtmlCacheBehavior [ RunTime:0.000254s ]
INFO: [ app_begin ] --END-- [ RunTime:0.000311s ]
SQL: SHOW COLUMNS FROM `article` [ RunTime:0.0050s ]
SQL: SELECT `aid`,`title` FROM `article` WHERE `is_show` = 1 AND `is_delete` = 0 AND `is_top` = 1 ORDER BY aid desc  [ RunTime:0.0045s ]
SQL: SHOW COLUMNS FROM `comment` [ RunTime:0.0047s ]
SQL: SHOW COLUMNS FROM `oauth_user` [ RunTime:0.0050s ]
SQL: SELECT `id` FROM `oauth_user` WHERE (  is_admin )  [ RunTime:0.0045s ]
SQL: SELECT c.content,c.date,a.title,a.aid,ou.nickname,ou.head_img FROM comment c INNER JOIN article a ON c.aid=a.aid INNER JOIN oauth_user ou ON c.ouid=ou.id  WHERE c.is_delete = 0 ORDER BY c.date desc LIMIT 20   [ RunTime:0.0047s ]
NOTIC: [2] Invalid argument supplied for foreach() /var/www/html/hyblog/Application/Common/Model/CommentModel.class.php 第 202 行.
SQL: SHOW COLUMNS FROM `category` [ RunTime:0.0047s ]
SQL: SELECT * FROM `category` ORDER BY sort  [ RunTime:0.0044s ]
SQL: SHOW COLUMNS FROM `tag` [ RunTime:0.0046s ]
SQL: SELECT * FROM `tag`  [ RunTime:0.0043s ]
SQL: SHOW COLUMNS FROM `article_tag` [ RunTime:0.0047s ]
SQL: SELECT COUNT(*) AS tp_count FROM `article_tag` WHERE `tid` = 20 LIMIT 1   [ RunTime:0.0043s ]
SQL: SHOW COLUMNS FROM `link` [ RunTime:0.0049s ]
SQL: SELECT * FROM `link` WHERE `is_delete` = 0 AND `is_show` = 1 ORDER BY sort  [ RunTime:0.0046s ]
NOTIC: [2] array_key_exists() expects parameter 2 to be array, null given /var/www/html/hyblog/Application/Home/Controller/IndexController.class.php 第 77 行.
SQL: UPDATE `article` SET `click`=click+1 WHERE `aid` = 17 [ RunTime:0.0069s ]
SQL: SHOW COLUMNS FROM `article` [ RunTime:0.0049s ]
NOTIC: [8] Undefined index: title /var/www/html/hyblog/Application/Common/Model/ArticleModel.class.php 第 297 行.
SQL: SELECT `aid`,`title` FROM `article` WHERE `title` LIKE '%%' AND (  `is_show` = 1 ) AND (  `is_delete` = 0 ) AND `aid` > 17 LIMIT 1   [ RunTime:0.0045s ]
SQL: SELECT `aid`,`title` FROM `article` WHERE `title` LIKE '%%' AND (  `is_show` = 1 ) AND (  `is_delete` = 0 ) AND `aid` < 17 ORDER BY aid desc LIMIT 1   [ RunTime:0.0044s ]
SQL: SELECT * FROM `article` WHERE `aid` = 17 LIMIT 1   [ RunTime:0.0044s ]
SQL: SHOW COLUMNS FROM `article_tag` [ RunTime:0.0048s ]
SQL: SELECT `tid` FROM `article_tag` WHERE `aid` = 17  [ RunTime:0.0045s ]
SQL: SHOW COLUMNS FROM `article_tag` [ RunTime:0.0047s ]
SQL: SELECT * FROM `article_tag` INNER JOIN tag ON article_tag.tid=tag.tid  WHERE `aid` = 17  [ RunTime:0.0046s ]
SQL: SELECT `cid`,`cid`,`cname`,`keywords` FROM `category` WHERE `cid` = 28  [ RunTime:0.0044s ]
SQL: SELECT c.*,ou.nickname,ou.head_img FROM comment c INNER JOIN oauth_user ou ON c.ouid=ou.id  WHERE c.status = 1 AND c.aid = 17 AND c.pid = 0 AND c.is_delete = 0 ORDER BY date desc  [ RunTime:0.0051s ]
NOTIC: [2] Invalid argument supplied for foreach() /var/www/html/hyblog/Application/Common/Model/CommentModel.class.php 第 135 行.
INFO: [ view_parse ] --START--
INFO: [ template_filter ] --START--
INFO: Run Behavior\ContentReplaceBehavior [ RunTime:0.000127s ]
INFO: [ template_filter ] --END-- [ RunTime:0.000189s ]
NOTIC: [8] Undefined variable: user_email /var/www/html/hyblog/Runtime/Cache/Home/d4c1149384e4970b24973a696680cd70.php 第 7 行.
NOTIC: [8] Undefined variable: user_email /var/www/html/hyblog/Runtime/Cache/Home/d4c1149384e4970b24973a696680cd70.php 第 9 行.
INFO: Run Behavior\ParseTemplateBehavior [ RunTime:0.016525s ]
INFO: [ view_parse ] --END-- [ RunTime:0.016580s ]
INFO: [ view_filter ] --START--
INFO: Run Behavior\WriteHtmlCacheBehavior [ RunTime:0.000094s ]
INFO: [ view_filter ] --END-- [ RunTime:0.000128s ]
INFO: [ app_end ] --START--
INFO: Run Behavior\ShowPageTraceBehavior [ RunTime:0.000282s ]
INFO: [ app_end ] --END-- [ RunTime:0.000322s ]

[ 2017-06-09T00:46:01+08:00 ] 106.120.122.2 /hyblog/index.php/Home/Index/tag/tid/20
INFO: [ app_init ] --START--
INFO: Run Behavior\BuildLiteBehavior [ RunTime:0.000015s ]
INFO: [ app_init ] --END-- [ RunTime:0.000219s ]
INFO: [ app_begin ] --START--
INFO: Run Behavior\ReadHtmlCacheBehavior [ RunTime:0.000254s ]
INFO: [ app_begin ] --END-- [ RunTime:0.000299s ]
SQL: SHOW COLUMNS FROM `article` [ RunTime:0.0051s ]
SQL: SELECT `aid`,`title` FROM `article` WHERE `is_show` = 1 AND `is_delete` = 0 AND `is_top` = 1 ORDER BY aid desc  [ RunTime:0.0048s ]
SQL: SHOW COLUMNS FROM `comment` [ RunTime:0.0050s ]
SQL: SHOW COLUMNS FROM `oauth_user` [ RunTime:0.0050s ]
SQL: SELECT `id` FROM `oauth_user` WHERE (  is_admin )  [ RunTime:0.0046s ]
SQL: SELECT c.content,c.date,a.title,a.aid,ou.nickname,ou.head_img FROM comment c INNER JOIN article a ON c.aid=a.aid INNER JOIN oauth_user ou ON c.ouid=ou.id  WHERE c.is_delete = 0 ORDER BY c.date desc LIMIT 20   [ RunTime:0.0049s ]
NOTIC: [2] Invalid argument supplied for foreach() /var/www/html/hyblog/Application/Common/Model/CommentModel.class.php 第 202 行.
SQL: SHOW COLUMNS FROM `category` [ RunTime:0.0051s ]
SQL: SELECT * FROM `category` ORDER BY sort  [ RunTime:0.0047s ]
SQL: SHOW COLUMNS FROM `tag` [ RunTime:0.0049s ]
SQL: SELECT * FROM `tag`  [ RunTime:0.0046s ]
SQL: SHOW COLUMNS FROM `article_tag` [ RunTime:0.0050s ]
SQL: SELECT COUNT(*) AS tp_count FROM `article_tag` WHERE `tid` = 20 LIMIT 1   [ RunTime:0.0047s ]
SQL: SHOW COLUMNS FROM `link` [ RunTime:0.0049s ]
SQL: SELECT * FROM `link` WHERE `is_delete` = 0 AND `is_show` = 1 ORDER BY sort  [ RunTime:0.0048s ]
SQL: SELECT `tname` FROM `tag` WHERE `tid` = 20 LIMIT 1   [ RunTime:0.0047s ]
SQL: SHOW COLUMNS FROM `article` [ RunTime:0.0051s ]
SQL: SHOW COLUMNS FROM `article_tag` [ RunTime:0.0049s ]
SQL: SELECT COUNT(*) AS tp_count FROM article_tag at INNER JOIN article a ON at.aid=a.aid  WHERE at.tid = 20 AND a.is_delete = 0 AND a.is_show = '1' LIMIT 1   [ RunTime:0.0047s ]
SQL: SELECT * FROM article_tag at INNER JOIN article a ON at.aid=a.aid  WHERE at.tid = 20 AND a.is_delete = 0 AND a.is_show = '1' ORDER BY a.addtime desc LIMIT 0,10   [ RunTime:0.0050s ]
SQL: SHOW COLUMNS FROM `article_tag` [ RunTime:0.0049s ]
SQL: SHOW COLUMNS FROM `article_tag` [ RunTime:0.0051s ]
SQL: SELECT * FROM `article_tag` INNER JOIN tag ON article_tag.tid=tag.tid  WHERE `aid` = '17'  [ RunTime:0.0047s ]
SQL: SHOW COLUMNS FROM `article_pic` [ RunTime:0.0051s ]
SQL: SELECT `path` FROM `article_pic` WHERE `aid` = 17 ORDER BY ap_id asc LIMIT 1   [ RunTime:0.0046s ]
SQL: SELECT `cid`,`cid`,`cname` FROM `category` WHERE `cid` = 28  [ RunTime:0.0046s ]
INFO: [ view_parse ] --START--
INFO: [ template_filter ] --START--
INFO: Run Behavior\ContentReplaceBehavior [ RunTime:0.000099s ]
INFO: [ template_filter ] --END-- [ RunTime:0.000163s ]
INFO: Run Behavior\ParseTemplateBehavior [ RunTime:0.013246s ]
INFO: [ view_parse ] --END-- [ RunTime:0.013297s ]
INFO: [ view_filter ] --START--
INFO: Run Behavior\WriteHtmlCacheBehavior [ RunTime:0.000099s ]
INFO: [ view_filter ] --END-- [ RunTime:0.000131s ]
INFO: [ app_end ] --START--
INFO: Run Behavior\ShowPageTraceBehavior [ RunTime:0.000258s ]
INFO: [ app_end ] --END-- [ RunTime:0.000300s ]

[ 2017-06-09T00:46:11+08:00 ] 106.120.122.2 /hyblog/index.php/Home/User/check_login
INFO: [ app_init ] --START--
INFO: Run Behavior\BuildLiteBehavior [ RunTime:0.000012s ]
INFO: [ app_init ] --END-- [ RunTime:0.000205s ]
INFO: [ app_begin ] --START--
INFO: Run Behavior\ReadHtmlCacheBehavior [ RunTime:0.000266s ]
INFO: [ app_begin ] --END-- [ RunTime:0.000309s ]
SQL: SHOW COLUMNS FROM `article` [ RunTime:0.0049s ]
SQL: SELECT `aid`,`title` FROM `article` WHERE `is_show` = 1 AND `is_delete` = 0 AND `is_top` = 1 ORDER BY aid desc  [ RunTime:0.0044s ]
SQL: SHOW COLUMNS FROM `comment` [ RunTime:0.0047s ]
SQL: SHOW COLUMNS FROM `oauth_user` [ RunTime:0.0047s ]
SQL: SELECT `id` FROM `oauth_user` WHERE (  is_admin )  [ RunTime:0.0044s ]
SQL: SELECT c.content,c.date,a.title,a.aid,ou.nickname,ou.head_img FROM comment c INNER JOIN article a ON c.aid=a.aid INNER JOIN oauth_user ou ON c.ouid=ou.id  WHERE c.is_delete = 0 ORDER BY c.date desc LIMIT 20   [ RunTime:0.0046s ]
NOTIC: [2] Invalid argument supplied for foreach() /var/www/html/hyblog/Application/Common/Model/CommentModel.class.php 第 202 行.
SQL: SHOW COLUMNS FROM `category` [ RunTime:0.0059s ]
SQL: SELECT * FROM `category` ORDER BY sort  [ RunTime:0.0047s ]
SQL: SHOW COLUMNS FROM `tag` [ RunTime:0.0046s ]
SQL: SELECT * FROM `tag`  [ RunTime:0.0044s ]
SQL: SHOW COLUMNS FROM `article_tag` [ RunTime:0.0048s ]
SQL: SELECT COUNT(*) AS tp_count FROM `article_tag` WHERE `tid` = 20 LIMIT 1   [ RunTime:0.0045s ]
SQL: SHOW COLUMNS FROM `link` [ RunTime:0.0047s ]
SQL: SELECT * FROM `link` WHERE `is_delete` = 0 AND `is_show` = 1 ORDER BY sort  [ RunTime:0.0044s ]
INFO: [ app_end ] --START--
INFO: Run Behavior\ShowPageTraceBehavior [ RunTime:0.000355s ]
INFO: [ app_end ] --END-- [ RunTime:0.000400s ]

