[ 2017-06-07T16:50:30+08:00 ] 106.120.122.2 /hyblog/index.php/Admin/Index/index
INFO: [ app_init ] --START--
INFO: Run Behavior\BuildLiteBehavior [ RunTime:0.000014s ]
INFO: [ app_init ] --END-- [ RunTime:0.000269s ]
INFO: [ app_begin ] --START--
INFO: Run Behavior\ReadHtmlCacheBehavior [ RunTime:0.000321s ]
INFO: [ app_begin ] --END-- [ RunTime:0.000379s ]
SQL: SHOW COLUMNS FROM `oauth_user` [ RunTime:0.0169s ]
SQL: SELECT COUNT(*) AS tp_count FROM `oauth_user` WHERE `is_admin` = 1 LIMIT 1   [ RunTime:0.0045s ]

[ 2017-06-07T16:50:30+08:00 ] 106.120.122.2 /hyblog/index.php/Admin/Login/login
INFO: [ app_init ] --START--
INFO: Run Behavior\BuildLiteBehavior [ RunTime:0.000014s ]
INFO: [ app_init ] --END-- [ RunTime:0.000246s ]
INFO: [ app_begin ] --START--
INFO: Run Behavior\ReadHtmlCacheBehavior [ RunTime:0.000293s ]
INFO: [ app_begin ] --END-- [ RunTime:0.000345s ]
SQL: SHOW COLUMNS FROM `category` [ RunTime:0.0048s ]
SQL: SELECT * FROM `category` ORDER BY sort  [ RunTime:0.0043s ]
SQL: SHOW COLUMNS FROM `tag` [ RunTime:0.0045s ]
SQL: SELECT * FROM `tag`  [ RunTime:0.0042s ]
SQL: SHOW COLUMNS FROM `article_tag` [ RunTime:0.0044s ]
SQL: SELECT COUNT(*) AS tp_count FROM `article_tag` WHERE `tid` = 20 LIMIT 1   [ RunTime:0.0043s ]
SQL: SHOW COLUMNS FROM `link` [ RunTime:0.0046s ]
SQL: SELECT * FROM `link` WHERE `is_delete` = 0 AND `is_show` = 1 ORDER BY sort  [ RunTime:0.0042s ]
SQL: SHOW COLUMNS FROM `oauth_user` [ RunTime:0.0046s ]
SQL: SELECT COUNT(*) AS tp_count FROM `oauth_user` WHERE `is_admin` = 1 LIMIT 1   [ RunTime:0.0042s ]
INFO: [ view_parse ] --START--
INFO: [ template_filter ] --START--
INFO: Run Behavior\ContentReplaceBehavior [ RunTime:0.000060s ]
INFO: [ template_filter ] --END-- [ RunTime:0.000111s ]
NOTIC: [8] Undefined index: ADMIN_PASSWORD /var/www/html/hyblog/Runtime/Cache/Admin/b891abcc3bb76636e2a96a245e9568d6.php 第 6 行.
INFO: Run Behavior\ParseTemplateBehavior [ RunTime:0.021107s ]
INFO: [ view_parse ] --END-- [ RunTime:0.021153s ]
INFO: [ view_filter ] --START--
INFO: Run Behavior\WriteHtmlCacheBehavior [ RunTime:0.000088s ]
INFO: [ view_filter ] --END-- [ RunTime:0.000122s ]
INFO: [ app_end ] --START--
INFO: Run Behavior\ShowPageTraceBehavior [ RunTime:0.000320s ]
INFO: [ app_end ] --END-- [ RunTime:0.000359s ]

[ 2017-06-07T16:50:31+08:00 ] 106.120.122.2 /hyblog/index.php/Admin/Login/showVerify
INFO: [ app_init ] --START--
INFO: Run Behavior\BuildLiteBehavior [ RunTime:0.000013s ]
INFO: [ app_init ] --END-- [ RunTime:0.000243s ]
INFO: [ app_begin ] --START--
INFO: Run Behavior\ReadHtmlCacheBehavior [ RunTime:0.000304s ]
INFO: [ app_begin ] --END-- [ RunTime:0.000364s ]
SQL: SHOW COLUMNS FROM `category` [ RunTime:0.0053s ]
SQL: SELECT * FROM `category` ORDER BY sort  [ RunTime:0.0049s ]
SQL: SHOW COLUMNS FROM `tag` [ RunTime:0.0051s ]
SQL: SELECT * FROM `tag`  [ RunTime:0.0048s ]
SQL: SHOW COLUMNS FROM `article_tag` [ RunTime:0.0050s ]
SQL: SELECT COUNT(*) AS tp_count FROM `article_tag` WHERE `tid` = 20 LIMIT 1   [ RunTime:0.0049s ]
SQL: SHOW COLUMNS FROM `link` [ RunTime:0.0052s ]
SQL: SELECT * FROM `link` WHERE `is_delete` = 0 AND `is_show` = 1 ORDER BY sort  [ RunTime:0.0048s ]
INFO: [ app_end ] --START--
INFO: Run Behavior\ShowPageTraceBehavior [ RunTime:0.000347s ]
INFO: [ app_end ] --END-- [ RunTime:0.000414s ]

[ 2017-06-07T16:50:37+08:00 ] 106.120.122.2 /hyblog/index.php/Admin/Login/login
INFO: [ app_init ] --START--
INFO: Run Behavior\BuildLiteBehavior [ RunTime:0.000014s ]
INFO: [ app_init ] --END-- [ RunTime:0.000256s ]
INFO: [ app_begin ] --START--
INFO: Run Behavior\ReadHtmlCacheBehavior [ RunTime:0.000288s ]
INFO: [ app_begin ] --END-- [ RunTime:0.000342s ]
SQL: SHOW COLUMNS FROM `category` [ RunTime:0.0048s ]
SQL: SELECT * FROM `category` ORDER BY sort  [ RunTime:0.0043s ]
SQL: SHOW COLUMNS FROM `tag` [ RunTime:0.0045s ]
SQL: SELECT * FROM `tag`  [ RunTime:0.0043s ]
SQL: SHOW COLUMNS FROM `article_tag` [ RunTime:0.0045s ]
SQL: SELECT COUNT(*) AS tp_count FROM `article_tag` WHERE `tid` = 20 LIMIT 1   [ RunTime:0.0043s ]
SQL: SHOW COLUMNS FROM `link` [ RunTime:0.0046s ]
SQL: SELECT * FROM `link` WHERE `is_delete` = 0 AND `is_show` = 1 ORDER BY sort  [ RunTime:0.0044s ]
SQL: SHOW COLUMNS FROM `oauth_user` [ RunTime:0.0046s ]
SQL: SELECT COUNT(*) AS tp_count FROM `oauth_user` WHERE `is_admin` = 1 LIMIT 1   [ RunTime:0.0043s ]
SQL: SHOW COLUMNS FROM `config` [ RunTime:0.0046s ]
SQL: SELECT `value` FROM `config` WHERE `name` = 'ADMIN_PASSWORD' LIMIT 1   [ RunTime:0.0043s ]
INFO: [ view_parse ] --START--
INFO: [ template_filter ] --START--
INFO: Run Behavior\ContentReplaceBehavior [ RunTime:0.000043s ]
INFO: [ template_filter ] --END-- [ RunTime:0.000090s ]
INFO: Run Behavior\ParseTemplateBehavior [ RunTime:0.003971s ]
INFO: [ view_parse ] --END-- [ RunTime:0.004019s ]
INFO: [ view_filter ] --START--
INFO: Run Behavior\WriteHtmlCacheBehavior [ RunTime:0.000085s ]
INFO: [ view_filter ] --END-- [ RunTime:0.000119s ]
INFO: [ app_end ] --START--
INFO: Run Behavior\ShowPageTraceBehavior [ RunTime:0.000285s ]
INFO: [ app_end ] --END-- [ RunTime:0.000325s ]

[ 2017-06-07T16:50:38+08:00 ] 106.120.122.2 /hyblog/index.php/Admin/Index/index
INFO: [ app_init ] --START--
INFO: Run Behavior\BuildLiteBehavior [ RunTime:0.000012s ]
INFO: [ app_init ] --END-- [ RunTime:0.000215s ]
INFO: [ app_begin ] --START--
INFO: Run Behavior\ReadHtmlCacheBehavior [ RunTime:0.000272s ]
INFO: [ app_begin ] --END-- [ RunTime:0.000320s ]
INFO: [ view_parse ] --START--
INFO: [ template_filter ] --START--
INFO: Run Behavior\ContentReplaceBehavior [ RunTime:0.000065s ]
INFO: [ template_filter ] --END-- [ RunTime:0.000110s ]
INFO: Run Behavior\ParseTemplateBehavior [ RunTime:0.006396s ]
INFO: [ view_parse ] --END-- [ RunTime:0.006443s ]
INFO: [ view_filter ] --START--
INFO: Run Behavior\WriteHtmlCacheBehavior [ RunTime:0.000080s ]
INFO: [ view_filter ] --END-- [ RunTime:0.000115s ]
INFO: [ app_end ] --START--
INFO: Run Behavior\ShowPageTraceBehavior [ RunTime:0.000272s ]
INFO: [ app_end ] --END-- [ RunTime:0.000312s ]

[ 2017-06-07T16:50:38+08:00 ] 106.120.122.2 /hyblog/index.php/Admin/Index/welcome
INFO: [ app_init ] --START--
INFO: Run Behavior\BuildLiteBehavior [ RunTime:0.000013s ]
INFO: [ app_init ] --END-- [ RunTime:0.000261s ]
INFO: [ app_begin ] --START--
INFO: Run Behavior\ReadHtmlCacheBehavior [ RunTime:0.000295s ]
INFO: [ app_begin ] --END-- [ RunTime:0.000345s ]
SQL: SHOW COLUMNS FROM `article` [ RunTime:0.0048s ]
SQL: SELECT COUNT(*) AS tp_count FROM `article` LIMIT 1   [ RunTime:0.0044s ]
SQL: SELECT COUNT(*) AS tp_count FROM `article` WHERE `is_delete` = 1 LIMIT 1   [ RunTime:0.0044s ]
SQL: SELECT COUNT(*) AS tp_count FROM `article` WHERE `is_show` = 0 LIMIT 1   [ RunTime:0.0044s ]
SQL: SHOW COLUMNS FROM `chat` [ RunTime:0.0046s ]
SQL: SELECT COUNT(*) AS tp_count FROM `chat` LIMIT 1   [ RunTime:0.0042s ]
SQL: SELECT COUNT(*) AS tp_count FROM `chat` WHERE `is_delete` = 1 LIMIT 1   [ RunTime:0.0043s ]
SQL: SELECT COUNT(*) AS tp_count FROM `chat` WHERE `is_show` = 0 LIMIT 1   [ RunTime:0.0044s ]
SQL: SHOW COLUMNS FROM `comment` [ RunTime:0.0047s ]
SQL: SELECT COUNT(*) AS tp_count FROM `comment` LIMIT 1   [ RunTime:0.0043s ]
INFO: [ view_parse ] --START--
INFO: [ template_filter ] --START--
INFO: Run Behavior\ContentReplaceBehavior [ RunTime:0.000061s ]
INFO: [ template_filter ] --END-- [ RunTime:0.000111s ]
INFO: Run Behavior\ParseTemplateBehavior [ RunTime:0.004640s ]
INFO: [ view_parse ] --END-- [ RunTime:0.004697s ]
INFO: [ view_filter ] --START--
INFO: Run Behavior\WriteHtmlCacheBehavior [ RunTime:0.000080s ]
INFO: [ view_filter ] --END-- [ RunTime:0.000115s ]
INFO: [ app_end ] --START--
INFO: Run Behavior\ShowPageTraceBehavior [ RunTime:0.000308s ]
INFO: [ app_end ] --END-- [ RunTime:0.000349s ]

[ 2017-06-07T16:50:44+08:00 ] 106.120.122.2 /hyblog/index.php/Admin/Article/add
INFO: [ app_init ] --START--
INFO: Run Behavior\BuildLiteBehavior [ RunTime:0.000014s ]
INFO: [ app_init ] --END-- [ RunTime:0.000256s ]
INFO: [ app_begin ] --START--
INFO: Run Behavior\ReadHtmlCacheBehavior [ RunTime:0.000290s ]
INFO: [ app_begin ] --END-- [ RunTime:0.000356s ]
SQL: SHOW COLUMNS FROM `article` [ RunTime:0.0051s ]
SQL: SHOW COLUMNS FROM `category` [ RunTime:0.0048s ]
SQL: SELECT * FROM `category` ORDER BY sort  [ RunTime:0.0046s ]
SQL: SHOW COLUMNS FROM `tag` [ RunTime:0.0047s ]
SQL: SELECT * FROM `tag`  [ RunTime:0.0044s ]
SQL: SHOW COLUMNS FROM `article_tag` [ RunTime:0.0048s ]
SQL: SELECT COUNT(*) AS tp_count FROM `article_tag` WHERE `tid` = 20 LIMIT 1   [ RunTime:0.0045s ]
INFO: [ view_parse ] --START--
INFO: [ template_filter ] --START--
INFO: Run Behavior\ContentReplaceBehavior [ RunTime:0.000072s ]
INFO: [ template_filter ] --END-- [ RunTime:0.000126s ]
INFO: Run Behavior\ParseTemplateBehavior [ RunTime:0.006113s ]
INFO: [ view_parse ] --END-- [ RunTime:0.006164s ]
INFO: [ view_filter ] --START--
INFO: Run Behavior\WriteHtmlCacheBehavior [ RunTime:0.000086s ]
INFO: [ view_filter ] --END-- [ RunTime:0.000121s ]
INFO: [ app_end ] --START--
INFO: Run Behavior\ShowPageTraceBehavior [ RunTime:0.000318s ]
INFO: [ app_end ] --END-- [ RunTime:0.000357s ]

[ 2017-06-07T16:50:48+08:00 ] 106.120.122.2 /hyblog/index.php/Admin/Comment/index
INFO: [ app_init ] --START--
INFO: Run Behavior\BuildLiteBehavior [ RunTime:0.000012s ]
INFO: [ app_init ] --END-- [ RunTime:0.000222s ]
INFO: [ app_begin ] --START--
INFO: Run Behavior\ReadHtmlCacheBehavior [ RunTime:0.000272s ]
INFO: [ app_begin ] --END-- [ RunTime:0.000318s ]
SQL: SHOW COLUMNS FROM `comment` [ RunTime:0.0049s ]
SQL: SELECT COUNT(*) AS tp_count FROM comment c INNER JOIN article a ON a.aid=c.aid INNER JOIN oauth_user ou ON ou.id=c.ouid  WHERE c.is_delete = 0 LIMIT 1   [ RunTime:0.0046s ]
SQL: SELECT c.*,a.title,ou.nickname FROM comment c INNER JOIN article a ON a.aid=c.aid INNER JOIN oauth_user ou ON ou.id=c.ouid  WHERE c.is_delete = 0 ORDER BY date desc LIMIT 0,15   [ RunTime:0.0047s ]
INFO: [ view_parse ] --START--
INFO: [ template_filter ] --START--
INFO: Run Behavior\ContentReplaceBehavior [ RunTime:0.000053s ]
INFO: [ template_filter ] --END-- [ RunTime:0.000104s ]
INFO: Run Behavior\ParseTemplateBehavior [ RunTime:0.005558s ]
INFO: [ view_parse ] --END-- [ RunTime:0.005611s ]
INFO: [ view_filter ] --START--
INFO: Run Behavior\WriteHtmlCacheBehavior [ RunTime:0.000085s ]
INFO: [ view_filter ] --END-- [ RunTime:0.000120s ]
INFO: [ app_end ] --START--
INFO: Run Behavior\ShowPageTraceBehavior [ RunTime:0.000351s ]
INFO: [ app_end ] --END-- [ RunTime:0.000390s ]

[ 2017-06-07T16:50:49+08:00 ] 106.120.122.2 /hyblog/index.php/Admin/Recycle/article
INFO: [ app_init ] --START--
INFO: Run Behavior\BuildLiteBehavior [ RunTime:0.000012s ]
INFO: [ app_init ] --END-- [ RunTime:0.000214s ]
INFO: [ app_begin ] --START--
INFO: Run Behavior\ReadHtmlCacheBehavior [ RunTime:0.000248s ]
INFO: [ app_begin ] --END-- [ RunTime:0.000294s ]
SQL: SHOW COLUMNS FROM `article` [ RunTime:0.0052s ]
SQL: SELECT COUNT(*) AS tp_count FROM `article` WHERE `is_delete` = 1 LIMIT 1   [ RunTime:0.0047s ]
SQL: SELECT * FROM `article` WHERE `is_delete` = 1 ORDER BY addtime desc LIMIT 0,10   [ RunTime:0.0047s ]
NOTIC: [2] Invalid argument supplied for foreach() /var/www/html/hyblog/Application/Common/Model/ArticleModel.class.php 第 247 行.
INFO: [ view_parse ] --START--
INFO: [ template_filter ] --START--
INFO: Run Behavior\ContentReplaceBehavior [ RunTime:0.000052s ]
INFO: [ template_filter ] --END-- [ RunTime:0.000105s ]
INFO: Run Behavior\ParseTemplateBehavior [ RunTime:0.005044s ]
INFO: [ view_parse ] --END-- [ RunTime:0.005099s ]
INFO: [ view_filter ] --START--
INFO: Run Behavior\WriteHtmlCacheBehavior [ RunTime:0.000084s ]
INFO: [ view_filter ] --END-- [ RunTime:0.000119s ]
INFO: [ app_end ] --START--
INFO: Run Behavior\ShowPageTraceBehavior [ RunTime:0.000284s ]
INFO: [ app_end ] --END-- [ RunTime:0.000325s ]

[ 2017-06-07T16:50:50+08:00 ] 106.120.122.2 /hyblog/index.php/Admin/User/index
INFO: [ app_init ] --START--
INFO: Run Behavior\BuildLiteBehavior [ RunTime:0.000014s ]
INFO: [ app_init ] --END-- [ RunTime:0.000266s ]
INFO: [ app_begin ] --START--
INFO: Run Behavior\ReadHtmlCacheBehavior [ RunTime:0.000286s ]
INFO: [ app_begin ] --END-- [ RunTime:0.000335s ]
SQL: SHOW COLUMNS FROM `oauth_user` [ RunTime:0.0049s ]
SQL: SELECT COUNT(*) AS tp_count FROM `oauth_user` LIMIT 1   [ RunTime:0.0043s ]
SQL: SELECT * FROM `oauth_user` ORDER BY last_login_time desc LIMIT 0,20   [ RunTime:0.0043s ]
NOTIC: [2] Invalid argument supplied for foreach() /var/www/html/hyblog/Application/Common/Model/OauthUserModel.class.php 第 66 行.
INFO: [ view_parse ] --START--
INFO: [ template_filter ] --START--
INFO: Run Behavior\ContentReplaceBehavior [ RunTime:0.000052s ]
INFO: [ template_filter ] --END-- [ RunTime:0.000099s ]
INFO: Run Behavior\ParseTemplateBehavior [ RunTime:0.005182s ]
INFO: [ view_parse ] --END-- [ RunTime:0.005252s ]
INFO: [ view_filter ] --START--
INFO: Run Behavior\WriteHtmlCacheBehavior [ RunTime:0.000086s ]
INFO: [ view_filter ] --END-- [ RunTime:0.000120s ]
INFO: [ app_end ] --START--
INFO: Run Behavior\ShowPageTraceBehavior [ RunTime:0.000293s ]
INFO: [ app_end ] --END-- [ RunTime:0.000332s ]

[ 2017-06-07T16:50:51+08:00 ] 106.120.122.2 /hyblog/index.php/Admin/Config/index
INFO: [ app_init ] --START--
INFO: Run Behavior\BuildLiteBehavior [ RunTime:0.000012s ]
INFO: [ app_init ] --END-- [ RunTime:0.000202s ]
INFO: [ app_begin ] --START--
INFO: Run Behavior\ReadHtmlCacheBehavior [ RunTime:0.000264s ]
INFO: [ app_begin ] --END-- [ RunTime:0.000310s ]
SQL: SHOW COLUMNS FROM `config` [ RunTime:0.0048s ]
SQL: SELECT `name`,`value` FROM `config`  [ RunTime:0.0045s ]
INFO: [ view_parse ] --START--
INFO: [ template_filter ] --START--
INFO: Run Behavior\ContentReplaceBehavior [ RunTime:0.000125s ]
INFO: [ template_filter ] --END-- [ RunTime:0.000174s ]
INFO: Run Behavior\ParseTemplateBehavior [ RunTime:0.010277s ]
INFO: [ view_parse ] --END-- [ RunTime:0.010323s ]
INFO: [ view_filter ] --START--
INFO: Run Behavior\WriteHtmlCacheBehavior [ RunTime:0.000082s ]
INFO: [ view_filter ] --END-- [ RunTime:0.000121s ]
INFO: [ app_end ] --START--
INFO: Run Behavior\ShowPageTraceBehavior [ RunTime:0.000262s ]
INFO: [ app_end ] --END-- [ RunTime:0.000304s ]

[ 2017-06-07T16:50:53+08:00 ] 106.120.122.2 /hyblog/index.php/Admin/Article/add
INFO: [ app_init ] --START--
INFO: Run Behavior\BuildLiteBehavior [ RunTime:0.000014s ]
INFO: [ app_init ] --END-- [ RunTime:0.000256s ]
INFO: [ app_begin ] --START--
INFO: Run Behavior\ReadHtmlCacheBehavior [ RunTime:0.000302s ]
INFO: [ app_begin ] --END-- [ RunTime:0.000354s ]
SQL: SHOW COLUMNS FROM `article` [ RunTime:0.0055s ]
SQL: SHOW COLUMNS FROM `category` [ RunTime:0.0052s ]
SQL: SELECT * FROM `category` ORDER BY sort  [ RunTime:0.0049s ]
SQL: SHOW COLUMNS FROM `tag` [ RunTime:0.0051s ]
SQL: SELECT * FROM `tag`  [ RunTime:0.0048s ]
SQL: SHOW COLUMNS FROM `article_tag` [ RunTime:0.0051s ]
SQL: SELECT COUNT(*) AS tp_count FROM `article_tag` WHERE `tid` = 20 LIMIT 1   [ RunTime:0.0050s ]
INFO: [ view_parse ] --START--
INFO: [ template_filter ] --START--
INFO: Run Behavior\ContentReplaceBehavior [ RunTime:0.000066s ]
INFO: [ template_filter ] --END-- [ RunTime:0.000116s ]
INFO: Run Behavior\ParseTemplateBehavior [ RunTime:0.005971s ]
INFO: [ view_parse ] --END-- [ RunTime:0.006034s ]
INFO: [ view_filter ] --START--
INFO: Run Behavior\WriteHtmlCacheBehavior [ RunTime:0.000086s ]
INFO: [ view_filter ] --END-- [ RunTime:0.000120s ]
INFO: [ app_end ] --START--
INFO: Run Behavior\ShowPageTraceBehavior [ RunTime:0.000302s ]
INFO: [ app_end ] --END-- [ RunTime:0.000340s ]

[ 2017-06-07T16:50:54+08:00 ] 106.120.122.2 /hyblog/index.php/Admin/Article/add
INFO: [ app_init ] --START--
INFO: Run Behavior\BuildLiteBehavior [ RunTime:0.000014s ]
INFO: [ app_init ] --END-- [ RunTime:0.000264s ]
INFO: [ app_begin ] --START--
INFO: Run Behavior\ReadHtmlCacheBehavior [ RunTime:0.000332s ]
INFO: [ app_begin ] --END-- [ RunTime:0.000385s ]
SQL: SHOW COLUMNS FROM `article` [ RunTime:0.0051s ]
SQL: SHOW COLUMNS FROM `category` [ RunTime:0.0046s ]
SQL: SELECT * FROM `category` ORDER BY sort  [ RunTime:0.0043s ]
SQL: SHOW COLUMNS FROM `tag` [ RunTime:0.0045s ]
SQL: SELECT * FROM `tag`  [ RunTime:0.0043s ]
SQL: SHOW COLUMNS FROM `article_tag` [ RunTime:0.0045s ]
SQL: SELECT COUNT(*) AS tp_count FROM `article_tag` WHERE `tid` = 20 LIMIT 1   [ RunTime:0.0043s ]
INFO: [ view_parse ] --START--
INFO: [ template_filter ] --START--
INFO: Run Behavior\ContentReplaceBehavior [ RunTime:0.000073s ]
INFO: [ template_filter ] --END-- [ RunTime:0.000126s ]
INFO: Run Behavior\ParseTemplateBehavior [ RunTime:0.006044s ]
INFO: [ view_parse ] --END-- [ RunTime:0.006095s ]
INFO: [ view_filter ] --START--
INFO: Run Behavior\WriteHtmlCacheBehavior [ RunTime:0.000084s ]
INFO: [ view_filter ] --END-- [ RunTime:0.000127s ]
INFO: [ app_end ] --START--
INFO: Run Behavior\ShowPageTraceBehavior [ RunTime:0.000317s ]
INFO: [ app_end ] --END-- [ RunTime:0.000356s ]

[ 2017-06-07T16:50:55+08:00 ] 106.120.122.2 /hyblog/index.php/Admin/Article/index
INFO: [ app_init ] --START--
INFO: Run Behavior\BuildLiteBehavior [ RunTime:0.000011s ]
INFO: [ app_init ] --END-- [ RunTime:0.000221s ]
INFO: [ app_begin ] --START--
INFO: Run Behavior\ReadHtmlCacheBehavior [ RunTime:0.000267s ]
INFO: [ app_begin ] --END-- [ RunTime:0.000312s ]
SQL: SHOW COLUMNS FROM `article` [ RunTime:0.0052s ]
SQL: SELECT COUNT(*) AS tp_count FROM `article` WHERE `is_delete` = 0 LIMIT 1   [ RunTime:0.0048s ]
SQL: SELECT * FROM `article` WHERE `is_delete` = 0 ORDER BY addtime desc LIMIT 0,15   [ RunTime:0.0048s ]
SQL: SHOW COLUMNS FROM `article_tag` [ RunTime:0.0049s ]
SQL: SHOW COLUMNS FROM `article_tag` [ RunTime:0.0048s ]
SQL: SELECT * FROM `article_tag` INNER JOIN tag ON article_tag.tid=tag.tid  WHERE `aid` = '17'  [ RunTime:0.0046s ]
SQL: SHOW COLUMNS FROM `article_pic` [ RunTime:0.0048s ]
SQL: SELECT `path` FROM `article_pic` WHERE `aid` = 17 ORDER BY ap_id asc LIMIT 1   [ RunTime:0.0047s ]
SQL: SHOW COLUMNS FROM `category` [ RunTime:0.0050s ]
SQL: SELECT `cid`,`cid`,`cname` FROM `category` WHERE `cid` = 28  [ RunTime:0.0047s ]
INFO: [ view_parse ] --START--
INFO: [ template_filter ] --START--
INFO: Run Behavior\ContentReplaceBehavior [ RunTime:0.000055s ]
INFO: [ template_filter ] --END-- [ RunTime:0.000104s ]
INFO: Run Behavior\ParseTemplateBehavior [ RunTime:0.005699s ]
INFO: [ view_parse ] --END-- [ RunTime:0.005763s ]
INFO: [ view_filter ] --START--
INFO: Run Behavior\WriteHtmlCacheBehavior [ RunTime:0.000081s ]
INFO: [ view_filter ] --END-- [ RunTime:0.000114s ]
INFO: [ app_end ] --START--
INFO: Run Behavior\ShowPageTraceBehavior [ RunTime:0.000264s ]
INFO: [ app_end ] --END-- [ RunTime:0.000305s ]

[ 2017-06-07T16:50:58+08:00 ] 106.120.122.2 /hyblog/index.php/Admin/Article/add
INFO: [ app_init ] --START--
INFO: Run Behavior\BuildLiteBehavior [ RunTime:0.000011s ]
INFO: [ app_init ] --END-- [ RunTime:0.000200s ]
INFO: [ app_begin ] --START--
INFO: Run Behavior\ReadHtmlCacheBehavior [ RunTime:0.000251s ]
INFO: [ app_begin ] --END-- [ RunTime:0.000295s ]
SQL: SHOW COLUMNS FROM `article` [ RunTime:0.0049s ]
SQL: SHOW COLUMNS FROM `category` [ RunTime:0.0045s ]
SQL: SELECT * FROM `category` ORDER BY sort  [ RunTime:0.0044s ]
SQL: SHOW COLUMNS FROM `tag` [ RunTime:0.0045s ]
SQL: SELECT * FROM `tag`  [ RunTime:0.0044s ]
SQL: SHOW COLUMNS FROM `article_tag` [ RunTime:0.0046s ]
SQL: SELECT COUNT(*) AS tp_count FROM `article_tag` WHERE `tid` = 20 LIMIT 1   [ RunTime:0.0044s ]
INFO: [ view_parse ] --START--
INFO: [ template_filter ] --START--
INFO: Run Behavior\ContentReplaceBehavior [ RunTime:0.000064s ]
INFO: [ template_filter ] --END-- [ RunTime:0.000113s ]
INFO: Run Behavior\ParseTemplateBehavior [ RunTime:0.005504s ]
INFO: [ view_parse ] --END-- [ RunTime:0.005567s ]
INFO: [ view_filter ] --START--
INFO: Run Behavior\WriteHtmlCacheBehavior [ RunTime:0.000077s ]
INFO: [ view_filter ] --END-- [ RunTime:0.000114s ]
INFO: [ app_end ] --START--
INFO: Run Behavior\ShowPageTraceBehavior [ RunTime:0.000319s ]
INFO: [ app_end ] --END-- [ RunTime:0.000358s ]

[ 2017-06-07T16:50:59+08:00 ] 106.120.122.2 /hyblog/index.php/Admin/Tag/add
INFO: [ app_init ] --START--
INFO: Run Behavior\BuildLiteBehavior [ RunTime:0.000012s ]
INFO: [ app_init ] --END-- [ RunTime:0.000198s ]
INFO: [ app_begin ] --START--
INFO: Run Behavior\ReadHtmlCacheBehavior [ RunTime:0.000245s ]
INFO: [ app_begin ] --END-- [ RunTime:0.000289s ]
SQL: SHOW COLUMNS FROM `tag` [ RunTime:0.0047s ]
INFO: [ view_parse ] --START--
INFO: [ template_filter ] --START--
INFO: Run Behavior\ContentReplaceBehavior [ RunTime:0.000049s ]
INFO: [ template_filter ] --END-- [ RunTime:0.000107s ]
INFO: Run Behavior\ParseTemplateBehavior [ RunTime:0.003684s ]
INFO: [ view_parse ] --END-- [ RunTime:0.003728s ]
INFO: [ view_filter ] --START--
INFO: Run Behavior\WriteHtmlCacheBehavior [ RunTime:0.000081s ]
INFO: [ view_filter ] --END-- [ RunTime:0.000113s ]
INFO: [ app_end ] --START--
INFO: Run Behavior\ShowPageTraceBehavior [ RunTime:0.000293s ]
INFO: [ app_end ] --END-- [ RunTime:0.000347s ]

[ 2017-06-07T16:50:59+08:00 ] 106.120.122.2 /hyblog/index.php/Admin/Tag/index
INFO: [ app_init ] --START--
INFO: Run Behavior\BuildLiteBehavior [ RunTime:0.000012s ]
INFO: [ app_init ] --END-- [ RunTime:0.000201s ]
INFO: [ app_begin ] --START--
INFO: Run Behavior\ReadHtmlCacheBehavior [ RunTime:0.000266s ]
INFO: [ app_begin ] --END-- [ RunTime:0.000312s ]
SQL: SHOW COLUMNS FROM `tag` [ RunTime:0.0050s ]
SQL: SELECT * FROM `tag`  [ RunTime:0.0046s ]
SQL: SHOW COLUMNS FROM `article_tag` [ RunTime:0.0048s ]
SQL: SELECT COUNT(*) AS tp_count FROM `article_tag` WHERE `tid` = 20 LIMIT 1   [ RunTime:0.0046s ]
INFO: [ view_parse ] --START--
INFO: [ template_filter ] --START--
INFO: Run Behavior\ContentReplaceBehavior [ RunTime:0.000080s ]
INFO: [ template_filter ] --END-- [ RunTime:0.000135s ]
INFO: Run Behavior\ParseTemplateBehavior [ RunTime:0.004544s ]
INFO: [ view_parse ] --END-- [ RunTime:0.004589s ]
INFO: [ view_filter ] --START--
INFO: Run Behavior\WriteHtmlCacheBehavior [ RunTime:0.000081s ]
INFO: [ view_filter ] --END-- [ RunTime:0.000131s ]
INFO: [ app_end ] --START--
INFO: Run Behavior\ShowPageTraceBehavior [ RunTime:0.000266s ]
INFO: [ app_end ] --END-- [ RunTime:0.000315s ]

[ 2017-06-07T16:51:00+08:00 ] 106.120.122.2 /hyblog/index.php/Admin/Category/index
INFO: [ app_init ] --START--
INFO: Run Behavior\BuildLiteBehavior [ RunTime:0.000012s ]
INFO: [ app_init ] --END-- [ RunTime:0.000222s ]
INFO: [ app_begin ] --START--
INFO: Run Behavior\ReadHtmlCacheBehavior [ RunTime:0.000271s ]
INFO: [ app_begin ] --END-- [ RunTime:0.000315s ]
SQL: SHOW COLUMNS FROM `category` [ RunTime:0.0045s ]
SQL: SELECT * FROM `category` ORDER BY sort  [ RunTime:0.0040s ]
INFO: [ view_parse ] --START--
INFO: [ template_filter ] --START--
INFO: Run Behavior\ContentReplaceBehavior [ RunTime:0.000048s ]
INFO: [ template_filter ] --END-- [ RunTime:0.000093s ]
INFO: Run Behavior\ParseTemplateBehavior [ RunTime:0.004667s ]
INFO: [ view_parse ] --END-- [ RunTime:0.004713s ]
INFO: [ view_filter ] --START--
INFO: Run Behavior\WriteHtmlCacheBehavior [ RunTime:0.000077s ]
INFO: [ view_filter ] --END-- [ RunTime:0.000110s ]
INFO: [ app_end ] --START--
INFO: Run Behavior\ShowPageTraceBehavior [ RunTime:0.000260s ]
INFO: [ app_end ] --END-- [ RunTime:0.000296s ]

[ 2017-06-07T16:51:01+08:00 ] 106.120.122.2 /hyblog/index.php/Admin/Category/add
INFO: [ app_init ] --START--
INFO: Run Behavior\BuildLiteBehavior [ RunTime:0.000014s ]
INFO: [ app_init ] --END-- [ RunTime:0.000249s ]
INFO: [ app_begin ] --START--
INFO: Run Behavior\ReadHtmlCacheBehavior [ RunTime:0.000288s ]
INFO: [ app_begin ] --END-- [ RunTime:0.000347s ]
SQL: SHOW COLUMNS FROM `category` [ RunTime:0.0048s ]
SQL: SELECT * FROM `category` ORDER BY sort  [ RunTime:0.0044s ]
INFO: [ view_parse ] --START--
INFO: [ template_filter ] --START--
INFO: Run Behavior\ContentReplaceBehavior [ RunTime:0.000047s ]
INFO: [ template_filter ] --END-- [ RunTime:0.000095s ]
NOTIC: [8] Undefined variable: cid /var/www/html/hyblog/Runtime/Cache/Admin/8a25fd7a872c6677dccd5d28490b6ff3.php 第 6 行.
INFO: Run Behavior\ParseTemplateBehavior [ RunTime:0.004936s ]
INFO: [ view_parse ] --END-- [ RunTime:0.004992s ]
INFO: [ view_filter ] --START--
INFO: Run Behavior\WriteHtmlCacheBehavior [ RunTime:0.000082s ]
INFO: [ view_filter ] --END-- [ RunTime:0.000116s ]
INFO: [ app_end ] --START--
INFO: Run Behavior\ShowPageTraceBehavior [ RunTime:0.000287s ]
INFO: [ app_end ] --END-- [ RunTime:0.000326s ]

[ 2017-06-07T16:51:02+08:00 ] 106.120.122.2 /hyblog/index.php/Admin/Article/add
INFO: [ app_init ] --START--
INFO: Run Behavior\BuildLiteBehavior [ RunTime:0.000012s ]
INFO: [ app_init ] --END-- [ RunTime:0.000210s ]
INFO: [ app_begin ] --START--
INFO: Run Behavior\ReadHtmlCacheBehavior [ RunTime:0.000242s ]
INFO: [ app_begin ] --END-- [ RunTime:0.000286s ]
SQL: SHOW COLUMNS FROM `article` [ RunTime:0.0048s ]
SQL: SHOW COLUMNS FROM `category` [ RunTime:0.0045s ]
SQL: SELECT * FROM `category` ORDER BY sort  [ RunTime:0.0043s ]
SQL: SHOW COLUMNS FROM `tag` [ RunTime:0.0045s ]
SQL: SELECT * FROM `tag`  [ RunTime:0.0043s ]
SQL: SHOW COLUMNS FROM `article_tag` [ RunTime:0.0044s ]
SQL: SELECT COUNT(*) AS tp_count FROM `article_tag` WHERE `tid` = 20 LIMIT 1   [ RunTime:0.0045s ]
INFO: [ view_parse ] --START--
INFO: [ template_filter ] --START--
INFO: Run Behavior\ContentReplaceBehavior [ RunTime:0.000060s ]
INFO: [ template_filter ] --END-- [ RunTime:0.000109s ]
INFO: Run Behavior\ParseTemplateBehavior [ RunTime:0.005499s ]
INFO: [ view_parse ] --END-- [ RunTime:0.005564s ]
INFO: [ view_filter ] --START--
INFO: Run Behavior\WriteHtmlCacheBehavior [ RunTime:0.000080s ]
INFO: [ view_filter ] --END-- [ RunTime:0.000115s ]
INFO: [ app_end ] --START--
INFO: Run Behavior\ShowPageTraceBehavior [ RunTime:0.000293s ]
INFO: [ app_end ] --END-- [ RunTime:0.000330s ]

[ 2017-06-07T16:51:03+08:00 ] 106.120.122.2 /hyblog/index.php/Admin/Index/index
INFO: [ app_init ] --START--
INFO: Run Behavior\BuildLiteBehavior [ RunTime:0.000011s ]
INFO: [ app_init ] --END-- [ RunTime:0.000217s ]
INFO: [ app_begin ] --START--
INFO: Run Behavior\ReadHtmlCacheBehavior [ RunTime:0.000264s ]
INFO: [ app_begin ] --END-- [ RunTime:0.000315s ]
INFO: [ view_parse ] --START--
INFO: [ template_filter ] --START--
INFO: Run Behavior\ContentReplaceBehavior [ RunTime:0.000090s ]
INFO: [ template_filter ] --END-- [ RunTime:0.000145s ]
INFO: Run Behavior\ParseTemplateBehavior [ RunTime:0.006126s ]
INFO: [ view_parse ] --END-- [ RunTime:0.006173s ]
INFO: [ view_filter ] --START--
INFO: Run Behavior\WriteHtmlCacheBehavior [ RunTime:0.000087s ]
INFO: [ view_filter ] --END-- [ RunTime:0.000122s ]
INFO: [ app_end ] --START--
INFO: Run Behavior\ShowPageTraceBehavior [ RunTime:0.000268s ]
INFO: [ app_end ] --END-- [ RunTime:0.000306s ]

[ 2017-06-07T16:51:03+08:00 ] 106.120.122.2 /hyblog/index.php/Admin/Index/welcome
INFO: [ app_init ] --START--
INFO: Run Behavior\BuildLiteBehavior [ RunTime:0.000012s ]
INFO: [ app_init ] --END-- [ RunTime:0.000218s ]
INFO: [ app_begin ] --START--
INFO: Run Behavior\ReadHtmlCacheBehavior [ RunTime:0.000267s ]
INFO: [ app_begin ] --END-- [ RunTime:0.000320s ]
SQL: SHOW COLUMNS FROM `article` [ RunTime:0.0050s ]
SQL: SELECT COUNT(*) AS tp_count FROM `article` LIMIT 1   [ RunTime:0.0044s ]
SQL: SELECT COUNT(*) AS tp_count FROM `article` WHERE `is_delete` = 1 LIMIT 1   [ RunTime:0.0043s ]
SQL: SELECT COUNT(*) AS tp_count FROM `article` WHERE `is_show` = 0 LIMIT 1   [ RunTime:0.0044s ]
SQL: SHOW COLUMNS FROM `chat` [ RunTime:0.0047s ]
SQL: SELECT COUNT(*) AS tp_count FROM `chat` LIMIT 1   [ RunTime:0.0045s ]
SQL: SELECT COUNT(*) AS tp_count FROM `chat` WHERE `is_delete` = 1 LIMIT 1   [ RunTime:0.0044s ]
SQL: SELECT COUNT(*) AS tp_count FROM `chat` WHERE `is_show` = 0 LIMIT 1   [ RunTime:0.0045s ]
SQL: SHOW COLUMNS FROM `comment` [ RunTime:0.0048s ]
SQL: SELECT COUNT(*) AS tp_count FROM `comment` LIMIT 1   [ RunTime:0.0044s ]
INFO: [ view_parse ] --START--
INFO: [ template_filter ] --START--
INFO: Run Behavior\ContentReplaceBehavior [ RunTime:0.000063s ]
INFO: [ template_filter ] --END-- [ RunTime:0.000121s ]
INFO: Run Behavior\ParseTemplateBehavior [ RunTime:0.004290s ]
INFO: [ view_parse ] --END-- [ RunTime:0.004360s ]
INFO: [ view_filter ] --START--
INFO: Run Behavior\WriteHtmlCacheBehavior [ RunTime:0.000081s ]
INFO: [ view_filter ] --END-- [ RunTime:0.000116s ]
INFO: [ app_end ] --START--
INFO: Run Behavior\ShowPageTraceBehavior [ RunTime:0.000300s ]
INFO: [ app_end ] --END-- [ RunTime:0.000341s ]

